<?xml version="1.0" encoding="UTF-8" ?>
<testsuite tests="1" failures="0" name="com.hcc.riab.tests.UserControllerTest" time="0" errors="1" skipped="0">
  <properties>
[...]
</properties>
  <testcase classname="com.hcc.riab.tests.UserControllerTest" name="testPersistenceStatus" time="0">
    <error message="Failed to load ApplicationContext" type="java.lang.IllegalStateException">java.lang.IllegalStateException: Failed to load ApplicationContext
	at org.springframework.test.context.DefaultCacheAwareContextLoaderDelegate.loadContext(DefaultCacheAwareContextLoaderDelegate.java:94)
	at org.springframework.test.context.DefaultTestContext.getApplicationContext(DefaultTestContext.java:72)
	at org.springframework.test.context.support.DependencyInjectionTestExecutionListener.injectDependencies(DependencyInjectionTestExecutionListener.java:117)
	at org.springframework.test.context.support.DependencyInjectionTestExecutionListener.prepareTestInstance(DependencyInjectionTestExecutionListener.java:83)
	at org.springframework.test.context.TestContextManager.prepareTestInstance(TestContextManager.java:212)
	at org.springframework.test.context.junit4.SpringJUnit4ClassRunner.createTest(SpringJUnit4ClassRunner.java:200)
	at org.springframework.test.context.junit4.SpringJUnit4ClassRunner$1.runReflectiveCall(SpringJUnit4ClassRunner.java:259)
	at org.junit.internal.runners.model.ReflectiveCallable.run(ReflectiveCallable.java:12)
	at org.springframework.test.context.junit4.SpringJUnit4ClassRunner.methodBlock(SpringJUnit4ClassRunner.java:261)
	at org.springframework.test.context.junit4.SpringJUnit4ClassRunner.runChild(SpringJUnit4ClassRunner.java:219)
	at org.springframework.test.context.junit4.SpringJUnit4ClassRunner.runChild(SpringJUnit4ClassRunner.java:83)
	at org.junit.runners.ParentRunner$3.run(ParentRunner.java:238)
	at org.junit.runners.ParentRunner$1.schedule(ParentRunner.java:63)
	at org.junit.runners.ParentRunner.runChildren(ParentRunner.java:236)
	at org.junit.runners.ParentRunner.access$000(ParentRunner.java:53)
	at org.junit.runners.ParentRunner$2.evaluate(ParentRunner.java:229)
	at org.springframework.test.context.junit4.statements.RunBeforeTestClassCallbacks.evaluate(RunBeforeTestClassCallbacks.java:61)
	at org.springframework.test.context.junit4.statements.RunAfterTestClassCallbacks.evaluate(RunAfterTestClassCallbacks.java:68)
	at org.junit.runners.ParentRunner.run(ParentRunner.java:309)
	at org.springframework.test.context.junit4.SpringJUnit4ClassRunner.run(SpringJUnit4ClassRunner.java:163)
	at org.apache.maven.surefire.junit4.JUnit4Provider.execute(JUnit4Provider.java:252)
	at org.apache.maven.surefire.junit4.JUnit4Provider.executeTestSet(JUnit4Provider.java:141)
	at org.apache.maven.surefire.junit4.JUnit4Provider.invoke(JUnit4Provider.java:112)
	at sun.reflect.NativeMethodAccessorImpl.invoke0(Native Method)
	at sun.reflect.NativeMethodAccessorImpl.invoke(NativeMethodAccessorImpl.java:62)
	at sun.reflect.DelegatingMethodAccessorImpl.invoke(DelegatingMethodAccessorImpl.java:43)
	at java.lang.reflect.Method.invoke(Method.java:483)
	at org.apache.maven.surefire.util.ReflectionUtils.invokeMethodWithArray(ReflectionUtils.java:189)
	at org.apache.maven.surefire.booter.ProviderFactory$ProviderProxy.invoke(ProviderFactory.java:165)
	at org.apache.maven.surefire.booter.ProviderFactory.invokeProvider(ProviderFactory.java:85)
	at org.apache.maven.surefire.booter.ForkedBooter.runSuitesInProcess(ForkedBooter.java:115)
	at org.apache.maven.surefire.booter.ForkedBooter.main(ForkedBooter.java:75)
Caused by: org.springframework.beans.factory.BeanCreationException: Error creating bean with name &apos;entityManagerFactory&apos; defined in URL [file:src/main/resources/applicationContext.xml]: Invocation of init method failed; nested exception is javax.persistence.PersistenceException: [PersistenceUnit: default] Unable to build EntityManagerFactory
	at org.springframework.beans.factory.support.AbstractAutowireCapableBeanFactory.initializeBean(AbstractAutowireCapableBeanFactory.java:1574)
	at org.springframework.beans.factory.support.AbstractAutowireCapableBeanFactory.doCreateBean(AbstractAutowireCapableBeanFactory.java:539)
	at org.springframework.beans.factory.support.AbstractAutowireCapableBeanFactory.createBean(AbstractAutowireCapableBeanFactory.java:476)
	at org.springframework.beans.factory.support.AbstractBeanFactory$1.getObject(AbstractBeanFactory.java:303)
	at org.springframework.beans.factory.support.DefaultSingletonBeanRegistry.getSingleton(DefaultSingletonBeanRegistry.java:230)
	at org.springframework.beans.factory.support.AbstractBeanFactory.doGetBean(AbstractBeanFactory.java:299)
	at org.springframework.beans.factory.support.AbstractBeanFactory.getBean(AbstractBeanFactory.java:194)
	at org.springframework.context.support.AbstractApplicationContext.getBean(AbstractApplicationContext.java:956)
	at org.springframework.context.support.AbstractApplicationContext.finishBeanFactoryInitialization(AbstractApplicationContext.java:747)
	at org.springframework.context.support.AbstractApplicationContext.refresh(AbstractApplicationContext.java:480)
	at org.springframework.test.context.support.AbstractGenericContextLoader.loadContext(AbstractGenericContextLoader.java:125)
	at org.springframework.test.context.support.AbstractGenericContextLoader.loadContext(AbstractGenericContextLoader.java:60)
	at org.springframework.test.context.support.AbstractDelegatingSmartContextLoader.delegateLoading(AbstractDelegatingSmartContextLoader.java:109)
	at org.springframework.test.context.support.AbstractDelegatingSmartContextLoader.loadContext(AbstractDelegatingSmartContextLoader.java:261)
	at org.springframework.test.context.DefaultCacheAwareContextLoaderDelegate.loadContextInternal(DefaultCacheAwareContextLoaderDelegate.java:68)
	at org.springframework.test.context.DefaultCacheAwareContextLoaderDelegate.loadContext(DefaultCacheAwareContextLoaderDelegate.java:86)
	... 31 more
Caused by: javax.persistence.PersistenceException: [PersistenceUnit: default] Unable to build EntityManagerFactory
	at org.hibernate.ejb.Ejb3Configuration.buildEntityManagerFactory(Ejb3Configuration.java:923)
	at org.hibernate.ejb.Ejb3Configuration.buildEntityManagerFactory(Ejb3Configuration.java:898)
	at org.springframework.orm.jpa.vendor.SpringHibernateEjbPersistenceProvider.createContainerEntityManagerFactory(SpringHibernateEjbPersistenceProvider.java:51)
	at org.springframework.orm.jpa.LocalContainerEntityManagerFactoryBean.createNativeEntityManagerFactory(LocalContainerEntityManagerFactoryBean.java:343)
	at org.springframework.orm.jpa.AbstractEntityManagerFactoryBean.afterPropertiesSet(AbstractEntityManagerFactoryBean.java:318)
	at org.springframework.beans.factory.support.AbstractAutowireCapableBeanFactory.invokeInitMethods(AbstractAutowireCapableBeanFactory.java:1633)
	at org.springframework.beans.factory.support.AbstractAutowireCapableBeanFactory.initializeBean(AbstractAutowireCapableBeanFactory.java:1570)
	... 46 more
Caused by: org.hibernate.MappingException: Could not determine type for: com.hcc.riab.model.ProductInfo, at table: Product, for columns: [org.hibernate.mapping.Column(productInfo)]
	at org.hibernate.mapping.SimpleValue.getType(SimpleValue.java:314)
	at org.hibernate.mapping.SimpleValue.isValid(SimpleValue.java:292)
	at org.hibernate.mapping.Property.isValid(Property.java:239)
	at org.hibernate.mapping.PersistentClass.validate(PersistentClass.java:469)
	at org.hibernate.mapping.RootClass.validate(RootClass.java:270)
	at org.hibernate.cfg.Configuration.validate(Configuration.java:1296)
	at org.hibernate.cfg.Configuration.buildSessionFactory(Configuration.java:1752)
	at org.hibernate.ejb.EntityManagerFactoryImpl.&lt;init&gt;(EntityManagerFactoryImpl.java:96)
	at org.hibernate.ejb.Ejb3Configuration.buildEntityManagerFactory(Ejb3Configuration.java:913)
	... 52 more
</error>
    <system-out>12:56:59.789 [main] DEBUG o.s.t.c.s.DirtiesContextTestExecutionListener - After test class: context [DefaultTestContext@17579e0f testClass = HomeControllerTest, testInstance = [null], testMethod = [null], testException = [null], mergedContextConfiguration = [MergedContextConfiguration@3712b94 testClass = HomeControllerTest, locations = &apos;{file:src/main/webapp/WEB-INF/rest-context.xml, file:src/main/webapp/WEB-INF/spring-servlet.xml, file:src/main/resources/applicationContext.xml}&apos;, classes = &apos;{}&apos;, contextInitializerClasses = &apos;[]&apos;, activeProfiles = &apos;{}&apos;, propertySourceLocations = &apos;{}&apos;, propertySourceProperties = &apos;{}&apos;, contextLoader = &apos;org.springframework.test.context.support.DelegatingSmartContextLoader&apos;, parent = [null]]], dirtiesContext [false].
12:56:59.790 [main] DEBUG o.s.t.c.j.SpringJUnit4ClassRunner - SpringJUnit4ClassRunner constructor called with [class com.hcc.riab.tests.UserControllerTest].
12:56:59.790 [main] DEBUG o.s.test.context.BootstrapUtils - Instantiating TestContextBootstrapper from class [org.springframework.test.context.support.DefaultTestContextBootstrapper]
12:56:59.791 [main] DEBUG o.s.t.c.s.AbstractDelegatingSmartContextLoader - Delegating to GenericXmlContextLoader to process context configuration [ContextConfigurationAttributes@34237b90 declaringClass = &apos;com.hcc.riab.tests.UserControllerTest&apos;, classes = &apos;{}&apos;, locations = &apos;{file:src/main/webapp/WEB-INF/rest-context.xml, file:src/main/webapp/WEB-INF/spring-servlet.xml, file:src/main/resources/applicationContext.xml}&apos;, inheritLocations = true, initializers = &apos;{}&apos;, inheritInitializers = true, name = [null], contextLoaderClass = &apos;org.springframework.test.context.ContextLoader&apos;].
12:56:59.791 [main] DEBUG o.s.t.c.support.ActiveProfilesUtils - Could not find an &apos;annotation declaring class&apos; for annotation type [org.springframework.test.context.ActiveProfiles] and class [com.hcc.riab.tests.UserControllerTest]
12:56:59.791 [main] DEBUG o.s.t.c.s.DefaultTestContextBootstrapper - @TestExecutionListeners is not present for class [com.hcc.riab.tests.UserControllerTest]: using defaults.
12:56:59.792 [main] INFO  o.s.t.c.s.DefaultTestContextBootstrapper - Loaded default TestExecutionListener class names from location [META-INF/spring.factories]: [org.springframework.test.context.web.ServletTestExecutionListener, org.springframework.test.context.support.DependencyInjectionTestExecutionListener, org.springframework.test.context.support.DirtiesContextTestExecutionListener, org.springframework.test.context.transaction.TransactionalTestExecutionListener, org.springframework.test.context.jdbc.SqlScriptsTestExecutionListener]
12:56:59.792 [main] INFO  o.s.t.c.s.DefaultTestContextBootstrapper - Using TestExecutionListeners: [org.springframework.test.context.web.ServletTestExecutionListener@781a9412, org.springframework.test.context.support.DependencyInjectionTestExecutionListener@5a4c638d, org.springframework.test.context.support.DirtiesContextTestExecutionListener@13e698c7, org.springframework.test.context.transaction.TransactionalTestExecutionListener@aed0151, org.springframework.test.context.jdbc.SqlScriptsTestExecutionListener@267bbe1a]
12:56:59.792 [main] DEBUG o.s.t.annotation.ProfileValueUtils - Retrieved @ProfileValueSourceConfiguration [null] for test class [com.hcc.riab.tests.UserControllerTest]
12:56:59.792 [main] DEBUG o.s.t.annotation.ProfileValueUtils - Retrieved ProfileValueSource type [class org.springframework.test.annotation.SystemProfileValueSource] for class [com.hcc.riab.tests.UserControllerTest]
12:56:59.792 [main] DEBUG o.s.t.annotation.ProfileValueUtils - Retrieved @ProfileValueSourceConfiguration [null] for test class [com.hcc.riab.tests.UserControllerTest]
12:56:59.793 [main] DEBUG o.s.t.annotation.ProfileValueUtils - Retrieved ProfileValueSource type [class org.springframework.test.annotation.SystemProfileValueSource] for class [com.hcc.riab.tests.UserControllerTest]
12:56:59.793 [main] DEBUG o.s.t.annotation.ProfileValueUtils - Retrieved @ProfileValueSourceConfiguration [null] for test class [com.hcc.riab.tests.UserControllerTest]
12:56:59.793 [main] DEBUG o.s.t.annotation.ProfileValueUtils - Retrieved ProfileValueSource type [class org.springframework.test.annotation.SystemProfileValueSource] for class [com.hcc.riab.tests.UserControllerTest]
12:56:59.793 [main] DEBUG o.s.t.c.s.DependencyInjectionTestExecutionListener - Performing dependency injection for test context [[DefaultTestContext@1f12e153 testClass = UserControllerTest, testInstance = com.hcc.riab.tests.UserControllerTest@389562d6, testMethod = [null], testException = [null], mergedContextConfiguration = [MergedContextConfiguration@5a101b1c testClass = UserControllerTest, locations = &apos;{file:src/main/webapp/WEB-INF/rest-context.xml, file:src/main/webapp/WEB-INF/spring-servlet.xml, file:src/main/resources/applicationContext.xml}&apos;, classes = &apos;{}&apos;, contextInitializerClasses = &apos;[]&apos;, activeProfiles = &apos;{}&apos;, propertySourceLocations = &apos;{}&apos;, propertySourceProperties = &apos;{}&apos;, contextLoader = &apos;org.springframework.test.context.support.DelegatingSmartContextLoader&apos;, parent = [null]]]].
12:56:59.793 [main] DEBUG o.s.t.c.s.AbstractDelegatingSmartContextLoader - Delegating to GenericXmlContextLoader to load context from [MergedContextConfiguration@5a101b1c testClass = UserControllerTest, locations = &apos;{file:src/main/webapp/WEB-INF/rest-context.xml, file:src/main/webapp/WEB-INF/spring-servlet.xml, file:src/main/resources/applicationContext.xml}&apos;, classes = &apos;{}&apos;, contextInitializerClasses = &apos;[]&apos;, activeProfiles = &apos;{}&apos;, propertySourceLocations = &apos;{}&apos;, propertySourceProperties = &apos;{}&apos;, contextLoader = &apos;org.springframework.test.context.support.DelegatingSmartContextLoader&apos;, parent = [null]].
12:56:59.793 [main] DEBUG o.s.t.c.s.AbstractGenericContextLoader - Loading ApplicationContext for merged context configuration [[MergedContextConfiguration@5a101b1c testClass = UserControllerTest, locations = &apos;{file:src/main/webapp/WEB-INF/rest-context.xml, file:src/main/webapp/WEB-INF/spring-servlet.xml, file:src/main/resources/applicationContext.xml}&apos;, classes = &apos;{}&apos;, contextInitializerClasses = &apos;[]&apos;, activeProfiles = &apos;{}&apos;, propertySourceLocations = &apos;{}&apos;, propertySourceProperties = &apos;{}&apos;, contextLoader = &apos;org.springframework.test.context.support.DelegatingSmartContextLoader&apos;, parent = [null]]].
12:56:59.793 [main] DEBUG o.s.core.env.StandardEnvironment - Adding [systemProperties] PropertySource with lowest search precedence
12:56:59.794 [main] DEBUG o.s.core.env.StandardEnvironment - Adding [systemEnvironment] PropertySource with lowest search precedence
12:56:59.794 [main] DEBUG o.s.core.env.StandardEnvironment - Initialized StandardEnvironment with PropertySources [systemProperties,systemEnvironment]
12:56:59.794 [main] INFO  o.s.b.f.xml.XmlBeanDefinitionReader - Loading XML bean definitions from URL [file:src/main/webapp/WEB-INF/rest-context.xml]
12:56:59.795 [main] DEBUG o.s.b.f.xml.DefaultDocumentLoader - Using JAXP provider [com.sun.org.apache.xerces.internal.jaxp.DocumentBuilderFactoryImpl]
12:56:59.796 [main] DEBUG o.s.b.f.xml.PluggableSchemaResolver - Loading schema mappings from [META-INF/spring.schemas]
12:56:59.863 [main] DEBUG o.s.b.f.xml.PluggableSchemaResolver - Loaded schema mappings: {http://www.springframework.org/schema/tx/spring-tx-2.5.xsd=org/springframework/transaction/config/spring-tx-2.5.xsd, http://www.springframework.org/schema/aop/spring-aop-4.1.xsd=org/springframework/aop/config/spring-aop-4.1.xsd, http://www.springframework.org/schema/context/spring-context-3.1.xsd=org/springframework/context/config/spring-context-3.1.xsd, http://www.springframework.org/schema/data/repository/spring-repository-1.4.xsd=org/springframework/data/repository/config/spring-repository-1.4.xsd, http://www.springframework.org/schema/jdbc/spring-jdbc-4.1.xsd=org/springframework/jdbc/config/spring-jdbc-4.1.xsd, http://www.springframework.org/schema/util/spring-util-3.0.xsd=org/springframework/beans/factory/xml/spring-util-3.0.xsd, http://www.springframework.org/schema/mvc/spring-mvc-4.1.xsd=org/springframework/web/servlet/config/spring-mvc-4.1.xsd, http://www.springframework.org/schema/data/jpa/spring-jpa.xsd=org/springframework/data/jpa/repository/config/spring-jpa-1.8.xsd, http://www.springframework.org/schema/security/spring-security-oauth2-1.0.xsd=org/springframework/security/oauth2/spring-security-oauth2-1.0.xsd, http://www.springframework.org/schema/security/spring-security-3.0.3.xsd=org/springframework/security/config/spring-security-3.0.3.xsd, http://www.springframework.org/schema/aop/spring-aop-3.2.xsd=org/springframework/aop/config/spring-aop-3.2.xsd, http://www.springframework.org/schema/security/spring-security-2.0.1.xsd=org/springframework/security/config/spring-security-2.0.1.xsd, http://www.springframework.org/schema/tool/spring-tool.xsd=org/springframework/beans/factory/xml/spring-tool-4.1.xsd, http://www.springframework.org/schema/lang/spring-lang-4.1.xsd=org/springframework/scripting/config/spring-lang-4.1.xsd, http://www.springframework.org/schema/context/spring-context-4.0.xsd=org/springframework/context/config/spring-context-4.0.xsd, http://www.springframework.org/schema/mvc/spring-mvc-3.2.xsd=org/springframework/web/servlet/config/spring-mvc-3.2.xsd, http://www.springframework.org/schema/tool/spring-tool-4.1.xsd=org/springframework/beans/factory/xml/spring-tool-4.1.xsd, http://www.springframework.org/schema/lang/spring-lang-3.2.xsd=org/springframework/scripting/config/spring-lang-3.2.xsd, http://www.springframework.org/schema/cache/spring-cache-3.2.xsd=org/springframework/cache/config/spring-cache-3.2.xsd, http://www.springframework.org/schema/jee/spring-jee-4.1.xsd=org/springframework/ejb/config/spring-jee-4.1.xsd, http://www.springframework.org/schema/jdbc/spring-jdbc-3.1.xsd=org/springframework/jdbc/config/spring-jdbc-3.1.xsd, http://www.springframework.org/schema/data/mongo/spring-mongo-1.3.xsd=org/springframework/data/mongodb/config/spring-mongo-1.3.xsd, http://www.springframework.org/schema/util/spring-util-2.0.xsd=org/springframework/beans/factory/xml/spring-util-2.0.xsd, http://www.springframework.org/schema/tool/spring-tool-3.2.xsd=org/springframework/beans/factory/xml/spring-tool-3.2.xsd, http://www.springframework.org/schema/context/spring-context.xsd=org/springframework/context/config/spring-context-4.1.xsd, http://www.springframework.org/schema/cache/spring-cache-4.1.xsd=org/springframework/cache/config/spring-cache-4.1.xsd, http://www.springframework.org/schema/aop/spring-aop-4.0.xsd=org/springframework/aop/config/spring-aop-4.0.xsd, http://www.springframework.org/schema/security/spring-security-2.0.xsd=org/springframework/security/config/spring-security-2.0.xsd, http://www.springframework.org/schema/jee/spring-jee-3.2.xsd=org/springframework/ejb/config/spring-jee-3.2.xsd, http://www.springframework.org/schema/context/spring-context-3.0.xsd=org/springframework/context/config/spring-context-3.0.xsd, http://www.springframework.org/schema/jdbc/spring-jdbc-4.0.xsd=org/springframework/jdbc/config/spring-jdbc-4.0.xsd, http://www.springframework.org/schema/util/spring-util-2.5.xsd=org/springframework/beans/factory/xml/spring-util-2.5.xsd, http://www.springframework.org/schema/mvc/spring-mvc-4.0.xsd=org/springframework/web/servlet/config/spring-mvc-4.0.xsd, http://www.springframework.org/schema/beans/spring-beans-3.2.xsd=org/springframework/beans/factory/xml/spring-beans-3.2.xsd, http://www.springframework.org/schema/aop/spring-aop-3.1.xsd=org/springframework/aop/config/spring-aop-3.1.xsd, http://www.springframework.org/schema/lang/spring-lang-4.0.xsd=org/springframework/scripting/config/spring-lang-4.0.xsd, http://www.springframework.org/schema/mvc/spring-mvc.xsd=org/springframework/web/servlet/config/spring-mvc-4.1.xsd, http://www.springframework.org/schema/mvc/spring-mvc-3.1.xsd=org/springframework/web/servlet/config/spring-mvc-3.1.xsd, http://www.springframework.org/schema/beans/spring-beans-4.1.xsd=org/springframework/beans/factory/xml/spring-beans-4.1.xsd, http://www.springframework.org/schema/tool/spring-tool-4.0.xsd=org/springframework/beans/factory/xml/spring-tool-4.0.xsd, http://www.springframework.org/schema/tx/spring-tx-3.2.xsd=org/springframework/transaction/config/spring-tx-3.2.xsd, http://www.springframework.org/schema/lang/spring-lang-3.1.xsd=org/springframework/scripting/config/spring-lang-3.1.xsd, http://www.springframework.org/schema/cache/spring-cache-3.1.xsd=org/springframework/cache/config/spring-cache-3.1.xsd, http://www.springframework.org/schema/jee/spring-jee-4.0.xsd=org/springframework/ejb/config/spring-jee-4.0.xsd, http://www.springframework.org/schema/jdbc/spring-jdbc-3.0.xsd=org/springframework/jdbc/config/spring-jdbc-3.0.xsd, http://www.springframework.org/schema/data/mongo/spring-mongo-1.2.xsd=org/springframework/data/mongodb/config/spring-mongo-1.2.xsd, http://www.springframework.org/schema/task/spring-task-4.1.xsd=org/springframework/scheduling/config/spring-task-4.1.xsd, http://www.springframework.org/schema/jdbc/spring-jdbc.xsd=org/springframework/jdbc/config/spring-jdbc-4.1.xsd, http://www.springframework.org/schema/tool/spring-tool-3.1.xsd=org/springframework/beans/factory/xml/spring-tool-3.1.xsd, http://www.springframework.org/schema/tx/spring-tx-4.1.xsd=org/springframework/transaction/config/spring-tx-4.1.xsd, http://www.springframework.org/schema/cache/spring-cache-4.0.xsd=org/springframework/cache/config/spring-cache-4.0.xsd, http://www.springframework.org/schema/jee/spring-jee-3.1.xsd=org/springframework/ejb/config/spring-jee-3.1.xsd, http://www.springframework.org/schema/data/mongo/spring-mongo-1.7.xsd=org/springframework/data/mongodb/config/spring-mongo-1.7.xsd, http://www.springframework.org/schema/task/spring-task-3.2.xsd=org/springframework/scheduling/config/spring-task-3.2.xsd, http://www.springframework.org/schema/beans/spring-beans-3.1.xsd=org/springframework/beans/factory/xml/spring-beans-3.1.xsd, http://www.springframework.org/schema/util/spring-util.xsd=org/springframework/beans/factory/xml/spring-util-4.1.xsd, http://www.springframework.org/schema/data/jpa/spring-jpa-1.3.xsd=org/springframework/data/jpa/repository/config/spring-jpa-1.3.xsd, http://www.springframework.org/schema/aop/spring-aop-3.0.xsd=org/springframework/aop/config/spring-aop-3.0.xsd, http://www.springframework.org/schema/data/repository/spring-repository.xsd=org/springframework/data/repository/config/spring-repository-1.7.xsd, http://www.springframework.org/schema/data/repository/spring-repository-1.7.xsd=org/springframework/data/repository/config/spring-repository-1.7.xsd, http://www.springframework.org/schema/mvc/spring-mvc-3.0.xsd=org/springframework/web/servlet/config/spring-mvc-3.0.xsd, http://www.springframework.org/schema/beans/spring-beans-4.0.xsd=org/springframework/beans/factory/xml/spring-beans-4.0.xsd, http://www.springframework.org/schema/data/jpa/spring-jpa-1.8.xsd=org/springframework/data/jpa/repository/config/spring-jpa-1.8.xsd, http://www.springframework.org/schema/beans/spring-beans.xsd=org/springframework/beans/factory/xml/spring-beans-4.1.xsd, http://www.springframework.org/schema/security/spring-security-2.0.4.xsd=org/springframework/security/config/spring-security-2.0.4.xsd, http://www.springframework.org/schema/tx/spring-tx-3.1.xsd=org/springframework/transaction/config/spring-tx-3.1.xsd, http://www.springframework.org/schema/lang/spring-lang-3.0.xsd=org/springframework/scripting/config/spring-lang-3.0.xsd, http://www.springframework.org/schema/context/spring-context-2.5.xsd=org/springframework/context/config/spring-context-2.5.xsd, http://www.springframework.org/schema/data/mongo/spring-mongo-1.1.xsd=org/springframework/data/mongodb/config/spring-mongo-1.1.xsd, http://www.springframework.org/schema/task/spring-task-4.0.xsd=org/springframework/scheduling/config/spring-task-4.0.xsd, http://www.springframework.org/schema/tool/spring-tool-3.0.xsd=org/springframework/beans/factory/xml/spring-tool-3.0.xsd, http://www.springframework.org/schema/tx/spring-tx-4.0.xsd=org/springframework/transaction/config/spring-tx-4.0.xsd, http://www.springframework.org/schema/security/spring-security-oauth2.xsd=org/springframework/security/oauth2/spring-security-oauth2-2.0.xsd, http://www.springframework.org/schema/aop/spring-aop-2.0.xsd=org/springframework/aop/config/spring-aop-2.0.xsd, http://www.springframework.org/schema/security/spring-security-3.2.xsd=org/springframework/security/config/spring-security-3.2.xsd, http://www.springframework.org/schema/jee/spring-jee-3.0.xsd=org/springframework/ejb/config/spring-jee-3.0.xsd, http://www.springframework.org/schema/util/spring-util-4.1.xsd=org/springframework/beans/factory/xml/spring-util-4.1.xsd, http://www.springframework.org/schema/task/spring-task-3.1.xsd=org/springframework/scheduling/config/spring-task-3.1.xsd, http://www.springframework.org/schema/beans/spring-beans-3.0.xsd=org/springframework/beans/factory/xml/spring-beans-3.0.xsd, http://www.springframework.org/schema/data/jpa/spring-jpa-1.2.xsd=org/springframework/data/jpa/repository/config/spring-jpa-1.2.xsd, http://www.springframework.org/schema/jee/spring-jee.xsd=org/springframework/ejb/config/spring-jee-4.1.xsd, http://www.springframework.org/schema/aop/spring-aop-2.5.xsd=org/springframework/aop/config/spring-aop-2.5.xsd, http://www.springframework.org/schema/lang/spring-lang-2.0.xsd=org/springframework/scripting/config/spring-lang-2.0.xsd, http://www.springframework.org/schema/data/repository/spring-repository-1.6.xsd=org/springframework/data/repository/config/spring-repository-1.6.xsd, http://www.springframework.org/schema/util/spring-util-3.2.xsd=org/springframework/beans/factory/xml/spring-util-3.2.xsd, http://www.springframework.org/schema/task/spring-task.xsd=org/springframework/scheduling/config/spring-task-4.1.xsd, http://www.springframework.org/schema/tool/spring-tool-2.0.xsd=org/springframework/beans/factory/xml/spring-tool-2.0.xsd, http://www.springframework.org/schema/tx/spring-tx-3.0.xsd=org/springframework/transaction/config/spring-tx-3.0.xsd, http://www.springframework.org/schema/lang/spring-lang-2.5.xsd=org/springframework/scripting/config/spring-lang-2.5.xsd, http://www.springframework.org/schema/jee/spring-jee-2.0.xsd=org/springframework/ejb/config/spring-jee-2.0.xsd, http://www.springframework.org/schema/data/mongo/spring-mongo-1.0.xsd=org/springframework/data/mongodb/config/spring-mongo-1.0.xsd, http://www.springframework.org/schema/tool/spring-tool-2.5.xsd=org/springframework/beans/factory/xml/spring-tool-2.5.xsd, http://www.springframework.org/schema/security/spring-security-3.1.xsd=org/springframework/security/config/spring-security-3.1.xsd, http://www.springframework.org/schema/jee/spring-jee-2.5.xsd=org/springframework/ejb/config/spring-jee-2.5.xsd, http://www.springframework.org/schema/data/repository/spring-repository-1.0.xsd=org/springframework/data/repository/config/spring-repository-1.0.xsd, http://www.springframework.org/schema/data/mongo/spring-mongo-1.5.xsd=org/springframework/data/mongodb/config/spring-mongo-1.5.xsd, http://www.springframework.org/schema/util/spring-util-4.0.xsd=org/springframework/beans/factory/xml/spring-util-4.0.xsd, http://www.springframework.org/schema/task/spring-task-3.0.xsd=org/springframework/scheduling/config/spring-task-3.0.xsd, http://www.springframework.org/schema/data/jpa/spring-jpa-1.1.xsd=org/springframework/data/jpa/repository/config/spring-jpa-1.1.xsd, http://www.springframework.org/schema/security/spring-security-oauth2-2.0.xsd=org/springframework/security/oauth2/spring-security-oauth2-2.0.xsd, http://www.springframework.org/schema/lang/spring-lang.xsd=org/springframework/scripting/config/spring-lang-4.1.xsd, http://www.springframework.org/schema/context/spring-context-3.2.xsd=org/springframework/context/config/spring-context-3.2.xsd, http://www.springframework.org/schema/data/repository/spring-repository-1.5.xsd=org/springframework/data/repository/config/spring-repository-1.5.xsd, http://www.springframework.org/schema/util/spring-util-3.1.xsd=org/springframework/beans/factory/xml/spring-util-3.1.xsd, http://www.springframework.org/schema/beans/spring-beans-2.0.xsd=org/springframework/beans/factory/xml/spring-beans-2.0.xsd, http://www.springframework.org/schema/cache/spring-cache.xsd=org/springframework/cache/config/spring-cache-4.1.xsd, http://www.springframework.org/schema/tx/spring-tx.xsd=org/springframework/transaction/config/spring-tx-4.1.xsd, http://www.springframework.org/schema/data/mongo/spring-mongo.xsd=org/springframework/data/mongodb/config/spring-mongo-1.7.xsd, http://www.springframework.org/schema/security/spring-security-2.0.2.xsd=org/springframework/security/config/spring-security-2.0.2.xsd, http://www.springframework.org/schema/context/spring-context-4.1.xsd=org/springframework/context/config/spring-context-4.1.xsd, http://www.springframework.org/schema/beans/spring-beans-2.5.xsd=org/springframework/beans/factory/xml/spring-beans-2.5.xsd, http://www.springframework.org/schema/tx/spring-tx-2.0.xsd=org/springframework/transaction/config/spring-tx-2.0.xsd, http://www.springframework.org/schema/security/spring-security.xsd=org/springframework/security/config/spring-security-3.2.xsd, http://www.springframework.org/schema/security/spring-security-3.0.xsd=org/springframework/security/config/spring-security-3.0.xsd, http://www.springframework.org/schema/jdbc/spring-jdbc-3.2.xsd=org/springframework/jdbc/config/spring-jdbc-3.2.xsd, http://www.springframework.org/schema/data/mongo/spring-mongo-1.4.xsd=org/springframework/data/mongodb/config/spring-mongo-1.4.xsd, http://www.springframework.org/schema/aop/spring-aop.xsd=org/springframework/aop/config/spring-aop-4.1.xsd, http://www.springframework.org/schema/data/jpa/spring-jpa-1.0.xsd=org/springframework/data/jpa/repository/config/spring-jpa-1.0.xsd}
12:56:59.863 [main] DEBUG o.s.b.f.xml.PluggableSchemaResolver - Found XML schema [http://www.springframework.org/schema/beans/spring-beans.xsd] in classpath: org/springframework/beans/factory/xml/spring-beans-4.1.xsd
12:56:59.894 [main] DEBUG o.s.b.f.xml.PluggableSchemaResolver - Found XML schema [http://www.springframework.org/schema/mvc/spring-mvc.xsd] in classpath: org/springframework/web/servlet/config/spring-mvc-4.1.xsd
12:56:59.894 [main] DEBUG o.s.b.f.xml.PluggableSchemaResolver - Found XML schema [http://www.springframework.org/schema/tool/spring-tool-4.1.xsd] in classpath: org/springframework/beans/factory/xml/spring-tool-4.1.xsd
12:56:59.910 [main] DEBUG o.s.b.f.xml.PluggableSchemaResolver - Found XML schema [http://www.springframework.org/schema/context/spring-context.xsd] in classpath: org/springframework/context/config/spring-context-4.1.xsd
12:56:59.910 [main] DEBUG o.s.b.f.x.DefaultBeanDefinitionDocumentReader - Loading bean definitions
12:56:59.910 [main] DEBUG o.s.b.f.x.DefaultNamespaceHandlerResolver - Loaded NamespaceHandler mappings: {http://www.springframework.org/schema/task=org.springframework.scheduling.config.TaskNamespaceHandler, http://www.springframework.org/schema/p=org.springframework.beans.factory.xml.SimplePropertyNamespaceHandler, http://www.springframework.org/schema/data/jpa=org.springframework.data.jpa.repository.config.JpaRepositoryNameSpaceHandler, http://www.springframework.org/schema/lang=org.springframework.scripting.config.LangNamespaceHandler, http://www.springframework.org/schema/util=org.springframework.beans.factory.xml.UtilNamespaceHandler, http://www.springframework.org/schema/c=org.springframework.beans.factory.xml.SimpleConstructorNamespaceHandler, http://www.springframework.org/schema/data/keyvalue=org.springframework.data.keyvalue.repository.config.KeyValueRepositoryNameSpaceHandler, http://www.springframework.org/schema/jee=org.springframework.ejb.config.JeeNamespaceHandler, http://www.springframework.org/schema/tx=org.springframework.transaction.config.TxNamespaceHandler, http://www.springframework.org/schema/data/repository=org.springframework.data.repository.config.RepositoryNameSpaceHandler, http://www.springframework.org/schema/jdbc=org.springframework.jdbc.config.JdbcNamespaceHandler, http://www.springframework.org/schema/aop=org.springframework.aop.config.AopNamespaceHandler, http://www.springframework.org/schema/data/mongo=org.springframework.data.mongodb.repository.config.MongoRepositoryConfigNamespaceHandler, http://www.springframework.org/schema/context=org.springframework.context.config.ContextNamespaceHandler, http://www.springframework.org/schema/security/oauth2=org.springframework.security.oauth2.config.xml.OAuth2SecurityNamespaceHandler, http://www.springframework.org/schema/security=org.springframework.security.config.SecurityNamespaceHandler, http://www.springframework.org/schema/cache=org.springframework.cache.config.CacheNamespaceHandler, http://www.springframework.org/schema/mvc=org.springframework.web.servlet.config.MvcNamespaceHandler}
12:56:59.910 [main] DEBUG o.s.c.a.ClassPathBeanDefinitionScanner - JSR-330 &apos;javax.inject.Named&apos; annotation found and supported for component scanning
12:56:59.910 [main] DEBUG o.s.c.i.s.PathMatchingResourcePatternResolver - Looking for matching resources in directory tree [D:\MyWorkspace\RIABPLM\target\test-classes\com\hcc\riab]
12:56:59.910 [main] DEBUG o.s.c.i.s.PathMatchingResourcePatternResolver - Searching directory [D:\MyWorkspace\RIABPLM\target\test-classes\com\hcc\riab] for files matching pattern [D:/MyWorkspace/RIABPLM/target/test-classes/com/hcc/riab/**/*.class]
12:56:59.910 [main] DEBUG o.s.c.i.s.PathMatchingResourcePatternResolver - Searching directory [D:\MyWorkspace\RIABPLM\target\test-classes\com\hcc\riab\tests] for files matching pattern [D:/MyWorkspace/RIABPLM/target/test-classes/com/hcc/riab/**/*.class]
12:56:59.910 [main] DEBUG o.s.c.i.s.PathMatchingResourcePatternResolver - Looking for matching resources in directory tree [D:\MyWorkspace\RIABPLM\target\classes\com\hcc\riab]
12:56:59.910 [main] DEBUG o.s.c.i.s.PathMatchingResourcePatternResolver - Searching directory [D:\MyWorkspace\RIABPLM\target\classes\com\hcc\riab] for files matching pattern [D:/MyWorkspace/RIABPLM/target/classes/com/hcc/riab/**/*.class]
12:56:59.910 [main] DEBUG o.s.c.i.s.PathMatchingResourcePatternResolver - Searching directory [D:\MyWorkspace\RIABPLM\target\classes\com\hcc\riab\aspects] for files matching pattern [D:/MyWorkspace/RIABPLM/target/classes/com/hcc/riab/**/*.class]
12:56:59.910 [main] DEBUG o.s.c.i.s.PathMatchingResourcePatternResolver - Searching directory [D:\MyWorkspace\RIABPLM\target\classes\com\hcc\riab\model] for files matching pattern [D:/MyWorkspace/RIABPLM/target/classes/com/hcc/riab/**/*.class]
12:56:59.910 [main] DEBUG o.s.c.i.s.PathMatchingResourcePatternResolver - Searching directory [D:\MyWorkspace\RIABPLM\target\classes\com\hcc\riab\repositories] for files matching pattern [D:/MyWorkspace/RIABPLM/target/classes/com/hcc/riab/**/*.class]
12:56:59.910 [main] DEBUG o.s.c.i.s.PathMatchingResourcePatternResolver - Searching directory [D:\MyWorkspace\RIABPLM\target\classes\com\hcc\riab\service] for files matching pattern [D:/MyWorkspace/RIABPLM/target/classes/com/hcc/riab/**/*.class]
12:56:59.910 [main] DEBUG o.s.c.i.s.PathMatchingResourcePatternResolver - Searching directory [D:\MyWorkspace\RIABPLM\target\classes\com\hcc\riab\service\impl] for files matching pattern [D:/MyWorkspace/RIABPLM/target/classes/com/hcc/riab/**/*.class]
12:56:59.910 [main] DEBUG o.s.c.i.s.PathMatchingResourcePatternResolver - Resolved location pattern [classpath*:com/hcc/riab/**/*.class] to resources [file [D:\MyWorkspace\RIABPLM\target\test-classes\com\hcc\riab\tests\HomeControllerTest.class], file [D:\MyWorkspace\RIABPLM\target\test-classes\com\hcc\riab\tests\JournalMongoDBServiceIT$AjcClosure1.class], file [D:\MyWorkspace\RIABPLM\target\test-classes\com\hcc\riab\tests\JournalMongoDBServiceIT$AjcClosure3.class], file [D:\MyWorkspace\RIABPLM\target\test-classes\com\hcc\riab\tests\JournalMongoDBServiceIT.class], file [D:\MyWorkspace\RIABPLM\target\test-classes\com\hcc\riab\tests\UserControllerTest.class], file [D:\MyWorkspace\RIABPLM\target\classes\com\hcc\riab\aspects\ControllerLoggingAspect.class], file [D:\MyWorkspace\RIABPLM\target\classes\com\hcc\riab\HomeController.class], file [D:\MyWorkspace\RIABPLM\target\classes\com\hcc\riab\model\BaseClientDetails.class], file [D:\MyWorkspace\RIABPLM\target\classes\com\hcc\riab\model\ClientDetails.class], file [D:\MyWorkspace\RIABPLM\target\classes\com\hcc\riab\model\Product.class], file [D:\MyWorkspace\RIABPLM\target\classes\com\hcc\riab\model\ProductInfo.class], file [D:\MyWorkspace\RIABPLM\target\classes\com\hcc\riab\model\Users.class], file [D:\MyWorkspace\RIABPLM\target\classes\com\hcc\riab\model\WellIndex.class], file [D:\MyWorkspace\RIABPLM\target\classes\com\hcc\riab\repositories\ClientDetailsRepository.class], file [D:\MyWorkspace\RIABPLM\target\classes\com\hcc\riab\repositories\ProductRepository.class], file [D:\MyWorkspace\RIABPLM\target\classes\com\hcc\riab\repositories\UserRepository.class], file [D:\MyWorkspace\RIABPLM\target\classes\com\hcc\riab\repositories\WellIndexRepository.class], file [D:\MyWorkspace\RIABPLM\target\classes\com\hcc\riab\service\impl\ClientDetailsServiceImpl.class], file [D:\MyWorkspace\RIABPLM\target\classes\com\hcc\riab\service\impl\WellServiceImpl.class], file [D:\MyWorkspace\RIABPLM\target\classes\com\hcc\riab\service\InitMongoService.class], file [D:\MyWorkspace\RIABPLM\target\classes\com\hcc\riab\service\UserService.class], file [D:\MyWorkspace\RIABPLM\target\classes\com\hcc\riab\service\WellService.class], file [D:\MyWorkspace\RIABPLM\target\classes\com\hcc\riab\UserController.class]]
12:56:59.910 [main] DEBUG o.s.c.a.ClassPathBeanDefinitionScanner - Identified candidate component class: file [D:\MyWorkspace\RIABPLM\target\classes\com\hcc\riab\HomeController.class]
12:56:59.925 [main] DEBUG o.s.c.a.ClassPathBeanDefinitionScanner - Ignored because not a concrete top-level class: file [D:\MyWorkspace\RIABPLM\target\classes\com\hcc\riab\repositories\ClientDetailsRepository.class]
12:56:59.925 [main] DEBUG o.s.c.a.ClassPathBeanDefinitionScanner - Ignored because not a concrete top-level class: file [D:\MyWorkspace\RIABPLM\target\classes\com\hcc\riab\repositories\ProductRepository.class]
12:56:59.925 [main] DEBUG o.s.c.a.ClassPathBeanDefinitionScanner - Ignored because not a concrete top-level class: file [D:\MyWorkspace\RIABPLM\target\classes\com\hcc\riab\repositories\WellIndexRepository.class]
12:56:59.925 [main] DEBUG o.s.c.a.ClassPathBeanDefinitionScanner - Identified candidate component class: file [D:\MyWorkspace\RIABPLM\target\classes\com\hcc\riab\service\impl\ClientDetailsServiceImpl.class]
12:56:59.925 [main] DEBUG o.s.c.a.ClassPathBeanDefinitionScanner - Identified candidate component class: file [D:\MyWorkspace\RIABPLM\target\classes\com\hcc\riab\service\impl\WellServiceImpl.class]
12:56:59.925 [main] DEBUG o.s.c.a.ClassPathBeanDefinitionScanner - Identified candidate component class: file [D:\MyWorkspace\RIABPLM\target\classes\com\hcc\riab\service\UserService.class]
12:56:59.925 [main] DEBUG o.s.c.a.ClassPathBeanDefinitionScanner - Identified candidate component class: file [D:\MyWorkspace\RIABPLM\target\classes\com\hcc\riab\UserController.class]
12:56:59.925 [main] DEBUG o.s.b.f.xml.XmlBeanDefinitionReader - Loaded 22 bean definitions from location pattern [file:src/main/webapp/WEB-INF/rest-context.xml]
12:56:59.925 [main] INFO  o.s.b.f.xml.XmlBeanDefinitionReader - Loading XML bean definitions from URL [file:src/main/webapp/WEB-INF/spring-servlet.xml]
12:56:59.925 [main] DEBUG o.s.b.f.xml.DefaultDocumentLoader - Using JAXP provider [com.sun.org.apache.xerces.internal.jaxp.DocumentBuilderFactoryImpl]
12:56:59.941 [main] DEBUG o.s.b.f.xml.PluggableSchemaResolver - Found XML schema [http://www.springframework.org/schema/beans/spring-beans.xsd] in classpath: org/springframework/beans/factory/xml/spring-beans-4.1.xsd
12:56:59.941 [main] DEBUG o.s.b.f.xml.PluggableSchemaResolver - Found XML schema [http://www.springframework.org/schema/mvc/spring-mvc.xsd] in classpath: org/springframework/web/servlet/config/spring-mvc-4.1.xsd
12:56:59.941 [main] DEBUG o.s.b.f.xml.PluggableSchemaResolver - Found XML schema [http://www.springframework.org/schema/tool/spring-tool-4.1.xsd] in classpath: org/springframework/beans/factory/xml/spring-tool-4.1.xsd
12:56:59.941 [main] DEBUG o.s.b.f.xml.PluggableSchemaResolver - Found XML schema [http://www.springframework.org/schema/context/spring-context.xsd] in classpath: org/springframework/context/config/spring-context-4.1.xsd
12:56:59.941 [main] DEBUG o.s.b.f.x.DefaultBeanDefinitionDocumentReader - Loading bean definitions
12:56:59.941 [main] INFO  o.s.b.f.s.DefaultListableBeanFactory - Overriding bean definition for bean &apos;mvcContentNegotiationManager&apos;: replacing [Root bean: class [org.springframework.web.accept.ContentNegotiationManagerFactoryBean]; scope=; abstract=false; lazyInit=false; autowireMode=0; dependencyCheck=0; autowireCandidate=true; primary=false; factoryBeanName=null; factoryMethodName=null; initMethodName=null; destroyMethodName=null] with [Root bean: class [org.springframework.web.accept.ContentNegotiationManagerFactoryBean]; scope=; abstract=false; lazyInit=false; autowireMode=0; dependencyCheck=0; autowireCandidate=true; primary=false; factoryBeanName=null; factoryMethodName=null; initMethodName=null; destroyMethodName=null]
12:56:59.941 [main] INFO  o.s.b.f.s.DefaultListableBeanFactory - Overriding bean definition for bean &apos;mvcUriComponentsContributor&apos;: replacing [Root bean: class [org.springframework.web.servlet.config.AnnotationDrivenBeanDefinitionParser$CompositeUriComponentsContributorFactoryBean]; scope=; abstract=false; lazyInit=false; autowireMode=0; dependencyCheck=0; autowireCandidate=true; primary=false; factoryBeanName=null; factoryMethodName=null; initMethodName=null; destroyMethodName=null] with [Root bean: class [org.springframework.web.servlet.config.AnnotationDrivenBeanDefinitionParser$CompositeUriComponentsContributorFactoryBean]; scope=; abstract=false; lazyInit=false; autowireMode=0; dependencyCheck=0; autowireCandidate=true; primary=false; factoryBeanName=null; factoryMethodName=null; initMethodName=null; destroyMethodName=null]
12:56:59.941 [main] DEBUG o.s.c.a.ClassPathBeanDefinitionScanner - JSR-330 &apos;javax.inject.Named&apos; annotation found and supported for component scanning
12:56:59.941 [main] DEBUG o.s.c.i.s.PathMatchingResourcePatternResolver - Looking for matching resources in directory tree [D:\MyWorkspace\RIABPLM\target\test-classes\com\hcc\riab]
12:56:59.941 [main] DEBUG o.s.c.i.s.PathMatchingResourcePatternResolver - Searching directory [D:\MyWorkspace\RIABPLM\target\test-classes\com\hcc\riab] for files matching pattern [D:/MyWorkspace/RIABPLM/target/test-classes/com/hcc/riab/**/*.class]
12:56:59.941 [main] DEBUG o.s.c.i.s.PathMatchingResourcePatternResolver - Searching directory [D:\MyWorkspace\RIABPLM\target\test-classes\com\hcc\riab\tests] for files matching pattern [D:/MyWorkspace/RIABPLM/target/test-classes/com/hcc/riab/**/*.class]
12:56:59.941 [main] DEBUG o.s.c.i.s.PathMatchingResourcePatternResolver - Looking for matching resources in directory tree [D:\MyWorkspace\RIABPLM\target\classes\com\hcc\riab]
12:56:59.941 [main] DEBUG o.s.c.i.s.PathMatchingResourcePatternResolver - Searching directory [D:\MyWorkspace\RIABPLM\target\classes\com\hcc\riab] for files matching pattern [D:/MyWorkspace/RIABPLM/target/classes/com/hcc/riab/**/*.class]
12:56:59.941 [main] DEBUG o.s.c.i.s.PathMatchingResourcePatternResolver - Searching directory [D:\MyWorkspace\RIABPLM\target\classes\com\hcc\riab\aspects] for files matching pattern [D:/MyWorkspace/RIABPLM/target/classes/com/hcc/riab/**/*.class]
12:56:59.941 [main] DEBUG o.s.c.i.s.PathMatchingResourcePatternResolver - Searching directory [D:\MyWorkspace\RIABPLM\target\classes\com\hcc\riab\model] for files matching pattern [D:/MyWorkspace/RIABPLM/target/classes/com/hcc/riab/**/*.class]
12:56:59.957 [main] DEBUG o.s.c.i.s.PathMatchingResourcePatternResolver - Searching directory [D:\MyWorkspace\RIABPLM\target\classes\com\hcc\riab\repositories] for files matching pattern [D:/MyWorkspace/RIABPLM/target/classes/com/hcc/riab/**/*.class]
12:56:59.957 [main] DEBUG o.s.c.i.s.PathMatchingResourcePatternResolver - Searching directory [D:\MyWorkspace\RIABPLM\target\classes\com\hcc\riab\service] for files matching pattern [D:/MyWorkspace/RIABPLM/target/classes/com/hcc/riab/**/*.class]
12:56:59.957 [main] DEBUG o.s.c.i.s.PathMatchingResourcePatternResolver - Searching directory [D:\MyWorkspace\RIABPLM\target\classes\com\hcc\riab\service\impl] for files matching pattern [D:/MyWorkspace/RIABPLM/target/classes/com/hcc/riab/**/*.class]
12:56:59.957 [main] DEBUG o.s.c.i.s.PathMatchingResourcePatternResolver - Resolved location pattern [classpath*:com/hcc/riab/**/*.class] to resources [file [D:\MyWorkspace\RIABPLM\target\test-classes\com\hcc\riab\tests\HomeControllerTest.class], file [D:\MyWorkspace\RIABPLM\target\test-classes\com\hcc\riab\tests\JournalMongoDBServiceIT$AjcClosure1.class], file [D:\MyWorkspace\RIABPLM\target\test-classes\com\hcc\riab\tests\JournalMongoDBServiceIT$AjcClosure3.class], file [D:\MyWorkspace\RIABPLM\target\test-classes\com\hcc\riab\tests\JournalMongoDBServiceIT.class], file [D:\MyWorkspace\RIABPLM\target\test-classes\com\hcc\riab\tests\UserControllerTest.class], file [D:\MyWorkspace\RIABPLM\target\classes\com\hcc\riab\aspects\ControllerLoggingAspect.class], file [D:\MyWorkspace\RIABPLM\target\classes\com\hcc\riab\HomeController.class], file [D:\MyWorkspace\RIABPLM\target\classes\com\hcc\riab\model\BaseClientDetails.class], file [D:\MyWorkspace\RIABPLM\target\classes\com\hcc\riab\model\ClientDetails.class], file [D:\MyWorkspace\RIABPLM\target\classes\com\hcc\riab\model\Product.class], file [D:\MyWorkspace\RIABPLM\target\classes\com\hcc\riab\model\ProductInfo.class], file [D:\MyWorkspace\RIABPLM\target\classes\com\hcc\riab\model\Users.class], file [D:\MyWorkspace\RIABPLM\target\classes\com\hcc\riab\model\WellIndex.class], file [D:\MyWorkspace\RIABPLM\target\classes\com\hcc\riab\repositories\ClientDetailsRepository.class], file [D:\MyWorkspace\RIABPLM\target\classes\com\hcc\riab\repositories\ProductRepository.class], file [D:\MyWorkspace\RIABPLM\target\classes\com\hcc\riab\repositories\UserRepository.class], file [D:\MyWorkspace\RIABPLM\target\classes\com\hcc\riab\repositories\WellIndexRepository.class], file [D:\MyWorkspace\RIABPLM\target\classes\com\hcc\riab\service\impl\ClientDetailsServiceImpl.class], file [D:\MyWorkspace\RIABPLM\target\classes\com\hcc\riab\service\impl\WellServiceImpl.class], file [D:\MyWorkspace\RIABPLM\target\classes\com\hcc\riab\service\InitMongoService.class], file [D:\MyWorkspace\RIABPLM\target\classes\com\hcc\riab\service\UserService.class], file [D:\MyWorkspace\RIABPLM\target\classes\com\hcc\riab\service\WellService.class], file [D:\MyWorkspace\RIABPLM\target\classes\com\hcc\riab\UserController.class]]
12:56:59.957 [main] DEBUG o.s.c.a.ClassPathBeanDefinitionScanner - Identified candidate component class: file [D:\MyWorkspace\RIABPLM\target\classes\com\hcc\riab\HomeController.class]
12:56:59.957 [main] DEBUG o.s.c.a.ClassPathBeanDefinitionScanner - Ignored because not a concrete top-level class: file [D:\MyWorkspace\RIABPLM\target\classes\com\hcc\riab\repositories\ClientDetailsRepository.class]
12:56:59.957 [main] DEBUG o.s.c.a.ClassPathBeanDefinitionScanner - Ignored because not a concrete top-level class: file [D:\MyWorkspace\RIABPLM\target\classes\com\hcc\riab\repositories\ProductRepository.class]
12:56:59.957 [main] DEBUG o.s.c.a.ClassPathBeanDefinitionScanner - Ignored because not a concrete top-level class: file [D:\MyWorkspace\RIABPLM\target\classes\com\hcc\riab\repositories\WellIndexRepository.class]
12:56:59.957 [main] DEBUG o.s.c.a.ClassPathBeanDefinitionScanner - Identified candidate component class: file [D:\MyWorkspace\RIABPLM\target\classes\com\hcc\riab\service\impl\ClientDetailsServiceImpl.class]
12:56:59.957 [main] DEBUG o.s.c.a.ClassPathBeanDefinitionScanner - Identified candidate component class: file [D:\MyWorkspace\RIABPLM\target\classes\com\hcc\riab\service\impl\WellServiceImpl.class]
12:57:00.003 [main] DEBUG o.s.c.a.ClassPathBeanDefinitionScanner - Identified candidate component class: file [D:\MyWorkspace\RIABPLM\target\classes\com\hcc\riab\service\UserService.class]
12:57:00.003 [main] DEBUG o.s.c.a.ClassPathBeanDefinitionScanner - Identified candidate component class: file [D:\MyWorkspace\RIABPLM\target\classes\com\hcc\riab\UserController.class]
12:57:00.003 [main] DEBUG o.s.b.f.xml.XmlBeanDefinitionReader - Loaded 9 bean definitions from location pattern [file:src/main/webapp/WEB-INF/spring-servlet.xml]
12:57:00.003 [main] INFO  o.s.b.f.xml.XmlBeanDefinitionReader - Loading XML bean definitions from URL [file:src/main/resources/applicationContext.xml]
12:57:00.003 [main] DEBUG o.s.b.f.xml.DefaultDocumentLoader - Using JAXP provider [com.sun.org.apache.xerces.internal.jaxp.DocumentBuilderFactoryImpl]
12:57:00.003 [main] DEBUG o.s.b.f.xml.PluggableSchemaResolver - Found XML schema [http://www.springframework.org/schema/beans/spring-beans.xsd] in classpath: org/springframework/beans/factory/xml/spring-beans-4.1.xsd
12:57:00.019 [main] DEBUG o.s.b.f.xml.PluggableSchemaResolver - Found XML schema [http://www.springframework.org/schema/context/spring-context.xsd] in classpath: org/springframework/context/config/spring-context-4.1.xsd
12:57:00.019 [main] DEBUG o.s.b.f.xml.PluggableSchemaResolver - Found XML schema [http://www.springframework.org/schema/tool/spring-tool-4.1.xsd] in classpath: org/springframework/beans/factory/xml/spring-tool-4.1.xsd
12:57:00.035 [main] DEBUG o.s.b.f.xml.PluggableSchemaResolver - Found XML schema [http://www.springframework.org/schema/data/jpa/spring-jpa-1.0.xsd] in classpath: org/springframework/data/jpa/repository/config/spring-jpa-1.0.xsd
12:57:00.035 [main] DEBUG o.s.b.f.xml.PluggableSchemaResolver - Found XML schema [http://www.springframework.org/schema/data/repository/spring-repository-1.0.xsd] in classpath: org/springframework/data/repository/config/spring-repository-1.0.xsd
12:57:00.035 [main] DEBUG o.s.b.f.x.DefaultBeanDefinitionDocumentReader - Loading bean definitions
12:57:00.035 [main] DEBUG o.s.c.a.ClassPathBeanDefinitionScanner - JSR-330 &apos;javax.inject.Named&apos; annotation found and supported for component scanning
12:57:00.035 [main] DEBUG o.s.c.i.s.PathMatchingResourcePatternResolver - Looking for matching resources in directory tree [D:\MyWorkspace\RIABPLM\target\test-classes\com\hcc]
12:57:00.035 [main] DEBUG o.s.c.i.s.PathMatchingResourcePatternResolver - Searching directory [D:\MyWorkspace\RIABPLM\target\test-classes\com\hcc] for files matching pattern [D:/MyWorkspace/RIABPLM/target/test-classes/com/hcc/**/*.class]
12:57:00.035 [main] DEBUG o.s.c.i.s.PathMatchingResourcePatternResolver - Searching directory [D:\MyWorkspace\RIABPLM\target\test-classes\com\hcc\riab] for files matching pattern [D:/MyWorkspace/RIABPLM/target/test-classes/com/hcc/**/*.class]
12:57:00.035 [main] DEBUG o.s.c.i.s.PathMatchingResourcePatternResolver - Searching directory [D:\MyWorkspace\RIABPLM\target\test-classes\com\hcc\riab\tests] for files matching pattern [D:/MyWorkspace/RIABPLM/target/test-classes/com/hcc/**/*.class]
12:57:00.035 [main] DEBUG o.s.c.i.s.PathMatchingResourcePatternResolver - Looking for matching resources in directory tree [D:\MyWorkspace\RIABPLM\target\classes\com\hcc]
12:57:00.035 [main] DEBUG o.s.c.i.s.PathMatchingResourcePatternResolver - Searching directory [D:\MyWorkspace\RIABPLM\target\classes\com\hcc] for files matching pattern [D:/MyWorkspace/RIABPLM/target/classes/com/hcc/**/*.class]
12:57:00.035 [main] DEBUG o.s.c.i.s.PathMatchingResourcePatternResolver - Searching directory [D:\MyWorkspace\RIABPLM\target\classes\com\hcc\riab] for files matching pattern [D:/MyWorkspace/RIABPLM/target/classes/com/hcc/**/*.class]
12:57:00.035 [main] DEBUG o.s.c.i.s.PathMatchingResourcePatternResolver - Searching directory [D:\MyWorkspace\RIABPLM\target\classes\com\hcc\riab\aspects] for files matching pattern [D:/MyWorkspace/RIABPLM/target/classes/com/hcc/**/*.class]
12:57:00.035 [main] DEBUG o.s.c.i.s.PathMatchingResourcePatternResolver - Searching directory [D:\MyWorkspace\RIABPLM\target\classes\com\hcc\riab\model] for files matching pattern [D:/MyWorkspace/RIABPLM/target/classes/com/hcc/**/*.class]
12:57:00.035 [main] DEBUG o.s.c.i.s.PathMatchingResourcePatternResolver - Searching directory [D:\MyWorkspace\RIABPLM\target\classes\com\hcc\riab\repositories] for files matching pattern [D:/MyWorkspace/RIABPLM/target/classes/com/hcc/**/*.class]
12:57:00.035 [main] DEBUG o.s.c.i.s.PathMatchingResourcePatternResolver - Searching directory [D:\MyWorkspace\RIABPLM\target\classes\com\hcc\riab\service] for files matching pattern [D:/MyWorkspace/RIABPLM/target/classes/com/hcc/**/*.class]
12:57:00.035 [main] DEBUG o.s.c.i.s.PathMatchingResourcePatternResolver - Searching directory [D:\MyWorkspace\RIABPLM\target\classes\com\hcc\riab\service\impl] for files matching pattern [D:/MyWorkspace/RIABPLM/target/classes/com/hcc/**/*.class]
12:57:00.050 [main] DEBUG o.s.c.i.s.PathMatchingResourcePatternResolver - Resolved location pattern [classpath*:com/hcc/**/*.class] to resources [file [D:\MyWorkspace\RIABPLM\target\test-classes\com\hcc\riab\tests\HomeControllerTest.class], file [D:\MyWorkspace\RIABPLM\target\test-classes\com\hcc\riab\tests\JournalMongoDBServiceIT$AjcClosure1.class], file [D:\MyWorkspace\RIABPLM\target\test-classes\com\hcc\riab\tests\JournalMongoDBServiceIT$AjcClosure3.class], file [D:\MyWorkspace\RIABPLM\target\test-classes\com\hcc\riab\tests\JournalMongoDBServiceIT.class], file [D:\MyWorkspace\RIABPLM\target\test-classes\com\hcc\riab\tests\UserControllerTest.class], file [D:\MyWorkspace\RIABPLM\target\classes\com\hcc\riab\aspects\ControllerLoggingAspect.class], file [D:\MyWorkspace\RIABPLM\target\classes\com\hcc\riab\HomeController.class], file [D:\MyWorkspace\RIABPLM\target\classes\com\hcc\riab\model\BaseClientDetails.class], file [D:\MyWorkspace\RIABPLM\target\classes\com\hcc\riab\model\ClientDetails.class], file [D:\MyWorkspace\RIABPLM\target\classes\com\hcc\riab\model\Product.class], file [D:\MyWorkspace\RIABPLM\target\classes\com\hcc\riab\model\ProductInfo.class], file [D:\MyWorkspace\RIABPLM\target\classes\com\hcc\riab\model\Users.class], file [D:\MyWorkspace\RIABPLM\target\classes\com\hcc\riab\model\WellIndex.class], file [D:\MyWorkspace\RIABPLM\target\classes\com\hcc\riab\repositories\ClientDetailsRepository.class], file [D:\MyWorkspace\RIABPLM\target\classes\com\hcc\riab\repositories\ProductRepository.class], file [D:\MyWorkspace\RIABPLM\target\classes\com\hcc\riab\repositories\UserRepository.class], file [D:\MyWorkspace\RIABPLM\target\classes\com\hcc\riab\repositories\WellIndexRepository.class], file [D:\MyWorkspace\RIABPLM\target\classes\com\hcc\riab\service\impl\ClientDetailsServiceImpl.class], file [D:\MyWorkspace\RIABPLM\target\classes\com\hcc\riab\service\impl\WellServiceImpl.class], file [D:\MyWorkspace\RIABPLM\target\classes\com\hcc\riab\service\InitMongoService.class], file [D:\MyWorkspace\RIABPLM\target\classes\com\hcc\riab\service\UserService.class], file [D:\MyWorkspace\RIABPLM\target\classes\com\hcc\riab\service\WellService.class], file [D:\MyWorkspace\RIABPLM\target\classes\com\hcc\riab\UserController.class]]
12:57:00.050 [main] DEBUG o.s.c.a.ClassPathBeanDefinitionScanner - Identified candidate component class: file [D:\MyWorkspace\RIABPLM\target\classes\com\hcc\riab\HomeController.class]
12:57:00.050 [main] DEBUG o.s.c.a.ClassPathBeanDefinitionScanner - Ignored because not a concrete top-level class: file [D:\MyWorkspace\RIABPLM\target\classes\com\hcc\riab\repositories\ClientDetailsRepository.class]
12:57:00.050 [main] DEBUG o.s.c.a.ClassPathBeanDefinitionScanner - Ignored because not a concrete top-level class: file [D:\MyWorkspace\RIABPLM\target\classes\com\hcc\riab\repositories\ProductRepository.class]
12:57:00.050 [main] DEBUG o.s.c.a.ClassPathBeanDefinitionScanner - Ignored because not a concrete top-level class: file [D:\MyWorkspace\RIABPLM\target\classes\com\hcc\riab\repositories\WellIndexRepository.class]
12:57:00.050 [main] DEBUG o.s.c.a.ClassPathBeanDefinitionScanner - Identified candidate component class: file [D:\MyWorkspace\RIABPLM\target\classes\com\hcc\riab\service\impl\ClientDetailsServiceImpl.class]
12:57:00.050 [main] DEBUG o.s.c.a.ClassPathBeanDefinitionScanner - Identified candidate component class: file [D:\MyWorkspace\RIABPLM\target\classes\com\hcc\riab\service\impl\WellServiceImpl.class]
12:57:00.050 [main] DEBUG o.s.c.a.ClassPathBeanDefinitionScanner - Identified candidate component class: file [D:\MyWorkspace\RIABPLM\target\classes\com\hcc\riab\service\UserService.class]
12:57:00.066 [main] DEBUG o.s.c.a.ClassPathBeanDefinitionScanner - Identified candidate component class: file [D:\MyWorkspace\RIABPLM\target\classes\com\hcc\riab\UserController.class]
12:57:00.066 [main] INFO  o.s.b.f.xml.XmlBeanDefinitionReader - Loading XML bean definitions from URL [file:/D:/MyWorkspace/RIABPLM/target/classes/db-configuration.xml]
12:57:00.066 [main] DEBUG o.s.b.f.xml.DefaultDocumentLoader - Using JAXP provider [com.sun.org.apache.xerces.internal.jaxp.DocumentBuilderFactoryImpl]
12:57:00.066 [main] DEBUG o.s.b.f.xml.PluggableSchemaResolver - Found XML schema [http://www.springframework.org/schema/beans/spring-beans.xsd] in classpath: org/springframework/beans/factory/xml/spring-beans-4.1.xsd
12:57:00.081 [main] DEBUG o.s.b.f.x.DefaultBeanDefinitionDocumentReader - Loading bean definitions
12:57:00.081 [main] DEBUG o.s.b.f.x.BeanDefinitionParserDelegate - Neither XML &apos;id&apos; nor &apos;name&apos; specified - using generated bean name [org.springframework.beans.factory.config.PropertyPlaceholderConfigurer#0]
12:57:00.081 [main] DEBUG o.s.b.f.xml.XmlBeanDefinitionReader - Loaded 2 bean definitions from location pattern [classpath*:/db-configuration.xml]
12:57:00.081 [main] DEBUG o.s.b.f.x.DefaultBeanDefinitionDocumentReader - Imported 2 bean definitions from URL location [classpath*:/db-configuration.xml]
12:57:00.081 [main] INFO  o.s.b.f.xml.XmlBeanDefinitionReader - Loading XML bean definitions from URL [file:/D:/MyWorkspace/RIABPLM/target/classes/spring-security-oauth2.xml]
12:57:00.081 [main] DEBUG o.s.b.f.xml.DefaultDocumentLoader - Using JAXP provider [com.sun.org.apache.xerces.internal.jaxp.DocumentBuilderFactoryImpl]
12:57:00.081 [main] DEBUG o.s.b.f.xml.PluggableSchemaResolver - Found XML schema [http://www.springframework.org/schema/beans/spring-beans.xsd] in classpath: org/springframework/beans/factory/xml/spring-beans-4.1.xsd
12:57:00.081 [main] DEBUG o.s.b.f.xml.PluggableSchemaResolver - Found XML schema [http://www.springframework.org/schema/security/spring-security-3.2.xsd] in classpath: org/springframework/security/config/spring-security-3.2.xsd
12:57:00.097 [main] DEBUG o.s.b.f.xml.PluggableSchemaResolver - Found XML schema [http://www.springframework.org/schema/security/spring-security-oauth2-1.0.xsd] in classpath: org/springframework/security/oauth2/spring-security-oauth2-1.0.xsd
12:57:00.097 [main] DEBUG o.s.b.f.x.DefaultBeanDefinitionDocumentReader - Loading bean definitions
12:57:00.097 [main] INFO  o.s.s.c.SecurityNamespaceHandler - Spring Security &apos;config&apos; module version is 3.2.4.RELEASE
12:57:00.113 [main] DEBUG o.s.b.f.x.BeanDefinitionParserDelegate - Neither XML &apos;id&apos; nor &apos;name&apos; specified - using generated bean name [org.springframework.security.access.annotation.Jsr250Voter#5328a9c1]
12:57:00.113 [main] INFO  o.s.s.c.h.HttpSecurityBeanDefinitionParser - Checking sorted filter chain: [Root bean: class [org.springframework.security.web.context.SecurityContextPersistenceFilter]; scope=; abstract=false; lazyInit=false; autowireMode=0; dependencyCheck=0; autowireCandidate=true; primary=false; factoryBeanName=null; factoryMethodName=null; initMethodName=null; destroyMethodName=null, order = 200, Root bean: class [org.springframework.security.web.context.request.async.WebAsyncManagerIntegrationFilter]; scope=; abstract=false; lazyInit=false; autowireMode=0; dependencyCheck=0; autowireCandidate=true; primary=false; factoryBeanName=null; factoryMethodName=null; initMethodName=null; destroyMethodName=null, order = 400, &lt;clientCredentialsTokenEndpointFilter&gt;, order = 1499, Root bean: class [org.springframework.security.web.authentication.www.BasicAuthenticationFilter]; scope=; abstract=false; lazyInit=false; autowireMode=0; dependencyCheck=0; autowireCandidate=true; primary=false; factoryBeanName=null; factoryMethodName=null; initMethodName=null; destroyMethodName=null, order = 1500, Root bean: class [org.springframework.security.web.servletapi.SecurityContextHolderAwareRequestFilter]; scope=; abstract=false; lazyInit=false; autowireMode=0; dependencyCheck=0; autowireCandidate=true; primary=false; factoryBeanName=null; factoryMethodName=null; initMethodName=null; destroyMethodName=null, order = 1700, Root bean: class [org.springframework.security.web.authentication.AnonymousAuthenticationFilter]; scope=; abstract=false; lazyInit=false; autowireMode=0; dependencyCheck=0; autowireCandidate=true; primary=false; factoryBeanName=null; factoryMethodName=null; initMethodName=null; destroyMethodName=null, order = 2000, Root bean: class [org.springframework.security.web.access.ExceptionTranslationFilter]; scope=; abstract=false; lazyInit=false; autowireMode=0; dependencyCheck=0; autowireCandidate=true; primary=false; factoryBeanName=null; factoryMethodName=null; initMethodName=null; destroyMethodName=null, order = 2200, &lt;oAuth2ClientContextFilter&gt;, order = 2201, &lt;org.springframework.security.web.access.intercept.FilterSecurityInterceptor#0&gt;, order = 2300]
12:57:00.113 [main] INFO  o.s.s.c.h.HttpSecurityBeanDefinitionParser - Checking sorted filter chain: [Root bean: class [org.springframework.security.web.context.SecurityContextPersistenceFilter]; scope=; abstract=false; lazyInit=false; autowireMode=0; dependencyCheck=0; autowireCandidate=true; primary=false; factoryBeanName=null; factoryMethodName=null; initMethodName=null; destroyMethodName=null, order = 200, Root bean: class [org.springframework.security.web.context.request.async.WebAsyncManagerIntegrationFilter]; scope=; abstract=false; lazyInit=false; autowireMode=0; dependencyCheck=0; autowireCandidate=true; primary=false; factoryBeanName=null; factoryMethodName=null; initMethodName=null; destroyMethodName=null, order = 400, &lt;resourceServerFilter&gt;, order = 899, Root bean: class [org.springframework.security.web.authentication.www.BasicAuthenticationFilter]; scope=; abstract=false; lazyInit=false; autowireMode=0; dependencyCheck=0; autowireCandidate=true; primary=false; factoryBeanName=null; factoryMethodName=null; initMethodName=null; destroyMethodName=null, order = 1500, Root bean: class [org.springframework.security.web.savedrequest.RequestCacheAwareFilter]; scope=; abstract=false; lazyInit=false; autowireMode=0; dependencyCheck=0; autowireCandidate=true; primary=false; factoryBeanName=null; factoryMethodName=null; initMethodName=null; destroyMethodName=null, order = 1600, Root bean: class [org.springframework.security.web.servletapi.SecurityContextHolderAwareRequestFilter]; scope=; abstract=false; lazyInit=false; autowireMode=0; dependencyCheck=0; autowireCandidate=true; primary=false; factoryBeanName=null; factoryMethodName=null; initMethodName=null; destroyMethodName=null, order = 1700, Root bean: class [org.springframework.security.web.session.SessionManagementFilter]; scope=; abstract=false; lazyInit=false; autowireMode=0; dependencyCheck=0; autowireCandidate=true; primary=false; factoryBeanName=null; factoryMethodName=null; initMethodName=null; destroyMethodName=null, order = 2100, Root bean: class [org.springframework.security.web.access.ExceptionTranslationFilter]; scope=; abstract=false; lazyInit=false; autowireMode=0; dependencyCheck=0; autowireCandidate=true; primary=false; factoryBeanName=null; factoryMethodName=null; initMethodName=null; destroyMethodName=null, order = 2200, &lt;org.springframework.security.web.access.intercept.FilterSecurityInterceptor#1&gt;, order = 2300]
12:57:00.128 [main] DEBUG o.s.b.f.xml.XmlBeanDefinitionReader - Loaded 49 bean definitions from location pattern [classpath*:/spring-security-oauth2.xml]
12:57:00.128 [main] DEBUG o.s.b.f.x.DefaultBeanDefinitionDocumentReader - Imported 49 bean definitions from URL location [classpath*:/spring-security-oauth2.xml]
12:57:00.128 [main] INFO  o.s.b.f.xml.XmlBeanDefinitionReader - Loading XML bean definitions from URL [file:/D:/MyWorkspace/RIABPLM/target/classes/spring-aop-config.xml]
12:57:00.128 [main] DEBUG o.s.b.f.xml.DefaultDocumentLoader - Using JAXP provider [com.sun.org.apache.xerces.internal.jaxp.DocumentBuilderFactoryImpl]
12:57:00.128 [main] DEBUG o.s.b.f.xml.PluggableSchemaResolver - Found XML schema [http://www.springframework.org/schema/beans/spring-beans.xsd] in classpath: org/springframework/beans/factory/xml/spring-beans-4.1.xsd
12:57:00.128 [main] DEBUG o.s.b.f.xml.PluggableSchemaResolver - Found XML schema [http://www.springframework.org/schema/aop/spring-aop-2.0.xsd] in classpath: org/springframework/aop/config/spring-aop-2.0.xsd
12:57:00.144 [main] DEBUG o.s.b.f.xml.PluggableSchemaResolver - Found XML schema [http://www.springframework.org/schema/tool/spring-tool-2.0.xsd] in classpath: org/springframework/beans/factory/xml/spring-tool-2.0.xsd
12:57:00.144 [main] DEBUG o.s.b.f.x.DefaultBeanDefinitionDocumentReader - Loading bean definitions
12:57:00.144 [main] DEBUG o.s.b.f.xml.XmlBeanDefinitionReader - Loaded 2 bean definitions from location pattern [classpath*:/spring-aop-config.xml]
12:57:00.144 [main] DEBUG o.s.b.f.x.DefaultBeanDefinitionDocumentReader - Imported 2 bean definitions from URL location [classpath*:/spring-aop-config.xml]
12:57:00.144 [main] DEBUG o.s.core.env.StandardEnvironment - Adding [systemProperties] PropertySource with lowest search precedence
12:57:00.144 [main] DEBUG o.s.core.env.StandardEnvironment - Adding [systemEnvironment] PropertySource with lowest search precedence
12:57:00.144 [main] DEBUG o.s.core.env.StandardEnvironment - Initialized StandardEnvironment with PropertySources [systemProperties,systemEnvironment]
12:57:00.144 [main] DEBUG o.s.c.i.s.PathMatchingResourcePatternResolver - Looking for matching resources in jar file [file:/C:/Users/sgelle/.m2/repository/org/springframework/data/spring-data-mongodb-cross-store/1.8.0.RELEASE/spring-data-mongodb-cross-store-1.8.0.RELEASE.jar]
12:57:00.144 [main] DEBUG o.s.c.i.s.PathMatchingResourcePatternResolver - Looking for matching resources in jar file [file:/C:/Users/sgelle/.m2/repository/org/springframework/data/spring-data-jpa/1.8.1.RELEASE/spring-data-jpa-1.8.1.RELEASE.jar]
12:57:00.144 [main] DEBUG o.s.c.i.s.PathMatchingResourcePatternResolver - Looking for matching resources in jar file [file:/C:/Users/sgelle/.m2/repository/org/springframework/data/spring-data-mongodb/1.7.1.RELEASE/spring-data-mongodb-1.7.1.RELEASE.jar]
12:57:00.144 [main] DEBUG o.s.c.i.s.PathMatchingResourcePatternResolver - Looking for matching resources in jar file [file:/C:/Users/sgelle/.m2/repository/org/springframework/data/spring-data-commons/1.10.1.RELEASE/spring-data-commons-1.10.1.RELEASE.jar]
12:57:00.159 [main] DEBUG o.s.c.i.s.PathMatchingResourcePatternResolver - Resolved location pattern [classpath*:org/springframework/data/**/repository/support/**/*.class] to resources [URL [jar:file:/C:/Users/sgelle/.m2/repository/org/springframework/data/spring-data-jpa/1.8.1.RELEASE/spring-data-jpa-1.8.1.RELEASE.jar!/org/springframework/data/jpa/repository/support/Querydsl$1.class], URL [jar:file:/C:/Users/sgelle/.m2/repository/org/springframework/data/spring-data-jpa/1.8.1.RELEASE/spring-data-jpa-1.8.1.RELEASE.jar!/org/springframework/data/jpa/repository/support/CrudMethodMetadataPostProcessor$ThreadBoundTargetSource.class], URL [jar:file:/C:/Users/sgelle/.m2/repository/org/springframework/data/spring-data-jpa/1.8.1.RELEASE/spring-data-jpa-1.8.1.RELEASE.jar!/org/springframework/data/jpa/repository/support/JpaPersistableEntityInformation.class], URL [jar:file:/C:/Users/sgelle/.m2/repository/org/springframework/data/spring-data-jpa/1.8.1.RELEASE/spring-data-jpa-1.8.1.RELEASE.jar!/org/springframework/data/jpa/repository/support/CrudMethodMetadataPostProcessor.class], URL [jar:file:/C:/Users/sgelle/.m2/repository/org/springframework/data/spring-data-jpa/1.8.1.RELEASE/spring-data-jpa-1.8.1.RELEASE.jar!/org/springframework/data/jpa/repository/support/CrudMethodMetadataPostProcessor$1.class], URL [jar:file:/C:/Users/sgelle/.m2/repository/org/springframework/data/spring-data-jpa/1.8.1.RELEASE/spring-data-jpa-1.8.1.RELEASE.jar!/org/springframework/data/jpa/repository/support/JpaEntityInformation.class], URL [jar:file:/C:/Users/sgelle/.m2/repository/org/springframework/data/spring-data-jpa/1.8.1.RELEASE/spring-data-jpa-1.8.1.RELEASE.jar!/org/springframework/data/jpa/repository/support/JpaMetamodelEntityInformation.class], URL [jar:file:/C:/Users/sgelle/.m2/repository/org/springframework/data/spring-data-jpa/1.8.1.RELEASE/spring-data-jpa-1.8.1.RELEASE.jar!/org/springframework/data/jpa/repository/support/JpaMetamodelEntityInformation$IdMetadata.class], URL [jar:file:/C:/Users/sgelle/.m2/repository/org/springframework/data/spring-data-jpa/1.8.1.RELEASE/spring-data-jpa-1.8.1.RELEASE.jar!/org/springframework/data/jpa/repository/support/JpaEntityInformationSupport.class], URL [jar:file:/C:/Users/sgelle/.m2/repository/org/springframework/data/spring-data-jpa/1.8.1.RELEASE/spring-data-jpa-1.8.1.RELEASE.jar!/org/springframework/data/jpa/repository/support/QueryDslRepositorySupport.class], URL [jar:file:/C:/Users/sgelle/.m2/repository/org/springframework/data/spring-data-jpa/1.8.1.RELEASE/spring-data-jpa-1.8.1.RELEASE.jar!/org/springframework/data/jpa/repository/support/JpaRepositoryFactory.class], URL [jar:file:/C:/Users/sgelle/.m2/repository/org/springframework/data/spring-data-jpa/1.8.1.RELEASE/spring-data-jpa-1.8.1.RELEASE.jar!/org/springframework/data/jpa/repository/support/CrudMethodMetadataPostProcessor$DefaultCrudMethodMetadata.class], URL [jar:file:/C:/Users/sgelle/.m2/repository/org/springframework/data/spring-data-jpa/1.8.1.RELEASE/spring-data-jpa-1.8.1.RELEASE.jar!/org/springframework/data/jpa/repository/support/SimpleJpaRepository.class], URL [jar:file:/C:/Users/sgelle/.m2/repository/org/springframework/data/spring-data-jpa/1.8.1.RELEASE/spring-data-jpa-1.8.1.RELEASE.jar!/org/springframework/data/jpa/repository/support/CrudMethodMetadataPostProcessor$CrudMethodMetadataPopulatingMethodIntercceptor.class], URL [jar:file:/C:/Users/sgelle/.m2/repository/org/springframework/data/spring-data-jpa/1.8.1.RELEASE/spring-data-jpa-1.8.1.RELEASE.jar!/org/springframework/data/jpa/repository/support/Querydsl.class], URL [jar:file:/C:/Users/sgelle/.m2/repository/org/springframework/data/spring-data-jpa/1.8.1.RELEASE/spring-data-jpa-1.8.1.RELEASE.jar!/org/springframework/data/jpa/repository/support/CrudMethodMetadata.class], URL [jar:file:/C:/Users/sgelle/.m2/repository/org/springframework/data/spring-data-jpa/1.8.1.RELEASE/spring-data-jpa-1.8.1.RELEASE.jar!/org/springframework/data/jpa/repository/support/EntityManagerBeanDefinitionRegistrarPostProcessor.class], URL [jar:file:/C:/Users/sgelle/.m2/repository/org/springframework/data/spring-data-jpa/1.8.1.RELEASE/spring-data-jpa-1.8.1.RELEASE.jar!/org/springframework/data/jpa/repository/support/JpaMetamodelEntityInformation$IdentifierDerivingDirectFieldAccessFallbackBeanWrapper.class], URL [jar:file:/C:/Users/sgelle/.m2/repository/org/springframework/data/spring-data-jpa/1.8.1.RELEASE/spring-data-jpa-1.8.1.RELEASE.jar!/org/springframework/data/jpa/repository/support/QueryDslJpaRepository.class], URL [jar:file:/C:/Users/sgelle/.m2/repository/org/springframework/data/spring-data-jpa/1.8.1.RELEASE/spring-data-jpa-1.8.1.RELEASE.jar!/org/springframework/data/jpa/repository/support/JpaRepositoryFactoryBean.class], URL [jar:file:/C:/Users/sgelle/.m2/repository/org/springframework/data/spring-data-jpa/1.8.1.RELEASE/spring-data-jpa-1.8.1.RELEASE.jar!/org/springframework/data/jpa/repository/support/SimpleJpaRepository$ByIdsSpecification.class], URL [jar:file:/C:/Users/sgelle/.m2/repository/org/springframework/data/spring-data-mongodb/1.7.1.RELEASE/spring-data-mongodb-1.7.1.RELEASE.jar!/org/springframework/data/mongodb/repository/support/MongoRepositoryFactory.class], URL [jar:file:/C:/Users/sgelle/.m2/repository/org/springframework/data/spring-data-mongodb/1.7.1.RELEASE/spring-data-mongodb-1.7.1.RELEASE.jar!/org/springframework/data/mongodb/repository/support/MongoRepositoryFactoryBean.class], URL [jar:file:/C:/Users/sgelle/.m2/repository/org/springframework/data/spring-data-mongodb/1.7.1.RELEASE/spring-data-mongodb-1.7.1.RELEASE.jar!/org/springframework/data/mongodb/repository/support/MongoRepositoryFactory$MongoQueryLookupStrategy.class], URL [jar:file:/C:/Users/sgelle/.m2/repository/org/springframework/data/spring-data-mongodb/1.7.1.RELEASE/spring-data-mongodb-1.7.1.RELEASE.jar!/org/springframework/data/mongodb/repository/support/QuerydslRepositorySupport.class], URL [jar:file:/C:/Users/sgelle/.m2/repository/org/springframework/data/spring-data-mongodb/1.7.1.RELEASE/spring-data-mongodb-1.7.1.RELEASE.jar!/org/springframework/data/mongodb/repository/support/MappingMongoEntityInformation.class], URL [jar:file:/C:/Users/sgelle/.m2/repository/org/springframework/data/spring-data-mongodb/1.7.1.RELEASE/spring-data-mongodb-1.7.1.RELEASE.jar!/org/springframework/data/mongodb/repository/support/MongoRepositoryFactory$1.class], URL [jar:file:/C:/Users/sgelle/.m2/repository/org/springframework/data/spring-data-mongodb/1.7.1.RELEASE/spring-data-mongodb-1.7.1.RELEASE.jar!/org/springframework/data/mongodb/repository/support/SimpleMongoRepository.class], URL [jar:file:/C:/Users/sgelle/.m2/repository/org/springframework/data/spring-data-mongodb/1.7.1.RELEASE/spring-data-mongodb-1.7.1.RELEASE.jar!/org/springframework/data/mongodb/repository/support/MongoAnnotationProcessor.class], URL [jar:file:/C:/Users/sgelle/.m2/repository/org/springframework/data/spring-data-mongodb/1.7.1.RELEASE/spring-data-mongodb-1.7.1.RELEASE.jar!/org/springframework/data/mongodb/repository/support/SpringDataMongodbQuery.class], URL [jar:file:/C:/Users/sgelle/.m2/repository/org/springframework/data/spring-data-mongodb/1.7.1.RELEASE/spring-data-mongodb-1.7.1.RELEASE.jar!/org/springframework/data/mongodb/repository/support/SpringDataMongodbQuery$1.class], URL [jar:file:/C:/Users/sgelle/.m2/repository/org/springframework/data/spring-data-mongodb/1.7.1.RELEASE/spring-data-mongodb-1.7.1.RELEASE.jar!/org/springframework/data/mongodb/repository/support/QueryDslMongoRepository.class], URL [jar:file:/C:/Users/sgelle/.m2/repository/org/springframework/data/spring-data-mongodb/1.7.1.RELEASE/spring-data-mongodb-1.7.1.RELEASE.jar!/org/springframework/data/mongodb/repository/support/SpringDataMongodbSerializer.class], URL [jar:file:/C:/Users/sgelle/.m2/repository/org/springframework/data/spring-data-mongodb/1.7.1.RELEASE/spring-data-mongodb-1.7.1.RELEASE.jar!/org/springframework/data/mongodb/repository/support/IndexEnsuringQueryCreationListener.class], URL [jar:file:/C:/Users/sgelle/.m2/repository/org/springframework/data/spring-data-commons/1.10.1.RELEASE/spring-data-commons-1.10.1.RELEASE.jar!/org/springframework/data/repository/support/DomainClassConverter$ConversionMatchAbbreviationException.class], URL [jar:file:/C:/Users/sgelle/.m2/repository/org/springframework/data/spring-data-commons/1.10.1.RELEASE/spring-data-commons-1.10.1.RELEASE.jar!/org/springframework/data/repository/support/DomainClassConverter$ToIdConverter.class], URL [jar:file:/C:/Users/sgelle/.m2/repository/org/springframework/data/spring-data-commons/1.10.1.RELEASE/spring-data-commons-1.10.1.RELEASE.jar!/org/springframework/data/repository/support/Repositories$EmptyRepositoryFactoryInformation.class], URL [jar:file:/C:/Users/sgelle/.m2/repository/org/springframework/data/spring-data-commons/1.10.1.RELEASE/spring-data-commons-1.10.1.RELEASE.jar!/org/springframework/data/repository/support/PagingAndSortingRepositoryInvoker.class], URL [jar:file:/C:/Users/sgelle/.m2/repository/org/springframework/data/spring-data-commons/1.10.1.RELEASE/spring-data-commons-1.10.1.RELEASE.jar!/org/springframework/data/repository/support/MethodParameters.class], URL [jar:file:/C:/Users/sgelle/.m2/repository/org/springframework/data/spring-data-commons/1.10.1.RELEASE/spring-data-commons-1.10.1.RELEASE.jar!/org/springframework/data/repository/support/RepositoryInvoker.class], URL [jar:file:/C:/Users/sgelle/.m2/repository/org/springframework/data/spring-data-commons/1.10.1.RELEASE/spring-data-commons-1.10.1.RELEASE.jar!/org/springframework/data/repository/support/RepositoryInvokerFactory.class], URL [jar:file:/C:/Users/sgelle/.m2/repository/org/springframework/data/spring-data-commons/1.10.1.RELEASE/spring-data-commons-1.10.1.RELEASE.jar!/org/springframework/data/repository/support/DomainClassPropertyEditorRegistrar.class], URL [jar:file:/C:/Users/sgelle/.m2/repository/org/springframework/data/spring-data-commons/1.10.1.RELEASE/spring-data-commons-1.10.1.RELEASE.jar!/org/springframework/data/repository/support/AnnotationAttribute.class], URL [jar:file:/C:/Users/sgelle/.m2/repository/org/springframework/data/spring-data-commons/1.10.1.RELEASE/spring-data-commons-1.10.1.RELEASE.jar!/org/springframework/data/repository/support/DefaultRepositoryInvokerFactory.class], URL [jar:file:/C:/Users/sgelle/.m2/repository/org/springframework/data/spring-data-commons/1.10.1.RELEASE/spring-data-commons-1.10.1.RELEASE.jar!/org/springframework/data/repository/support/MethodParameters$AnnotationNamingMethodParameter.class], URL [jar:file:/C:/Users/sgelle/.m2/repository/org/springframework/data/spring-data-commons/1.10.1.RELEASE/spring-data-commons-1.10.1.RELEASE.jar!/org/springframework/data/repository/support/CrudRepositoryInvoker.class], URL [jar:file:/C:/Users/sgelle/.m2/repository/org/springframework/data/spring-data-commons/1.10.1.RELEASE/spring-data-commons-1.10.1.RELEASE.jar!/org/springframework/data/repository/support/Repositories.class], URL [jar:file:/C:/Users/sgelle/.m2/repository/org/springframework/data/spring-data-commons/1.10.1.RELEASE/spring-data-commons-1.10.1.RELEASE.jar!/org/springframework/data/repository/support/DomainClassConverter$ToEntityConverter.class], URL [jar:file:/C:/Users/sgelle/.m2/repository/org/springframework/data/spring-data-commons/1.10.1.RELEASE/spring-data-commons-1.10.1.RELEASE.jar!/org/springframework/data/repository/support/ReflectionRepositoryInvoker.class], URL [jar:file:/C:/Users/sgelle/.m2/repository/org/springframework/data/spring-data-commons/1.10.1.RELEASE/spring-data-commons-1.10.1.RELEASE.jar!/org/springframework/data/repository/support/DomainClassPropertyEditor.class], URL [jar:file:/C:/Users/sgelle/.m2/repository/org/springframework/data/spring-data-commons/1.10.1.RELEASE/spring-data-commons-1.10.1.RELEASE.jar!/org/springframework/data/repository/support/DomainClassConverter.class], URL [jar:file:/C:/Users/sgelle/.m2/repository/org/springframework/data/spring-data-commons/1.10.1.RELEASE/spring-data-commons-1.10.1.RELEASE.jar!/org/springframework/data/repository/support/DomainClassConverter$1.class], URL [jar:file:/C:/Users/sgelle/.m2/repository/org/springframework/data/spring-data-commons/1.10.1.RELEASE/spring-data-commons-1.10.1.RELEASE.jar!/org/springf
[...]
	at org.apache.maven.surefire.junit4.JUnit4Provider.invoke(JUnit4Provider.java:112) [surefire-junit4-2.12.4.jar:2.12.4]
	at sun.reflect.NativeMethodAccessorImpl.invoke0(Native Method) ~[na:1.8.0_25]
	at sun.reflect.NativeMethodAccessorImpl.invoke(NativeMethodAccessorImpl.java:62) ~[na:1.8.0_25]
	at sun.reflect.DelegatingMethodAccessorImpl.invoke(DelegatingMethodAccessorImpl.java:43) ~[na:1.8.0_25]
	at java.lang.reflect.Method.invoke(Method.java:483) ~[na:1.8.0_25]
	at org.apache.maven.surefire.util.ReflectionUtils.invokeMethodWithArray(ReflectionUtils.java:189) [surefire-api-2.12.4.jar:2.12.4]
	at org.apache.maven.surefire.booter.ProviderFactory$ProviderProxy.invoke(ProviderFactory.java:165) [surefire-booter-2.12.4.jar:2.12.4]
	at org.apache.maven.surefire.booter.ProviderFactory.invokeProvider(ProviderFactory.java:85) [surefire-booter-2.12.4.jar:2.12.4]
	at org.apache.maven.surefire.booter.ForkedBooter.runSuitesInProcess(ForkedBooter.java:115) [surefire-booter-2.12.4.jar:2.12.4]
	at org.apache.maven.surefire.booter.ForkedBooter.main(ForkedBooter.java:75) [surefire-booter-2.12.4.jar:2.12.4]
Caused by: javax.persistence.PersistenceException: [PersistenceUnit: default] Unable to build EntityManagerFactory
	at org.hibernate.ejb.Ejb3Configuration.buildEntityManagerFactory(Ejb3Configuration.java:923) ~[hibernate-entitymanager-4.2.1.Final.jar:4.2.1.Final]
	at org.hibernate.ejb.Ejb3Configuration.buildEntityManagerFactory(Ejb3Configuration.java:898) ~[hibernate-entitymanager-4.2.1.Final.jar:4.2.1.Final]
	at org.springframework.orm.jpa.vendor.SpringHibernateEjbPersistenceProvider.createContainerEntityManagerFactory(SpringHibernateEjbPersistenceProvider.java:51) ~[spring-orm-4.1.7.RELEASE.jar:4.1.7.RELEASE]
	at org.springframework.orm.jpa.LocalContainerEntityManagerFactoryBean.createNativeEntityManagerFactory(LocalContainerEntityManagerFactoryBean.java:343) ~[spring-orm-4.1.7.RELEASE.jar:4.1.7.RELEASE]
	at org.springframework.orm.jpa.AbstractEntityManagerFactoryBean.afterPropertiesSet(AbstractEntityManagerFactoryBean.java:318) ~[spring-orm-4.1.7.RELEASE.jar:4.1.7.RELEASE]
	at org.springframework.beans.factory.support.AbstractAutowireCapableBeanFactory.invokeInitMethods(AbstractAutowireCapableBeanFactory.java:1633) ~[spring-beans-4.1.7.RELEASE.jar:4.1.7.RELEASE]
	at org.springframework.beans.factory.support.AbstractAutowireCapableBeanFactory.initializeBean(AbstractAutowireCapableBeanFactory.java:1570) ~[spring-beans-4.1.7.RELEASE.jar:4.1.7.RELEASE]
	... 46 common frames omitted
Caused by: org.hibernate.MappingException: Could not determine type for: com.hcc.riab.model.ProductInfo, at table: Product, for columns: [org.hibernate.mapping.Column(productInfo)]
	at org.hibernate.mapping.SimpleValue.getType(SimpleValue.java:314) ~[hibernate-core-4.2.1.Final.jar:4.2.1.Final]
	at org.hibernate.mapping.SimpleValue.isValid(SimpleValue.java:292) ~[hibernate-core-4.2.1.Final.jar:4.2.1.Final]
	at org.hibernate.mapping.Property.isValid(Property.java:239) ~[hibernate-core-4.2.1.Final.jar:4.2.1.Final]
	at org.hibernate.mapping.PersistentClass.validate(PersistentClass.java:469) ~[hibernate-core-4.2.1.Final.jar:4.2.1.Final]
	at org.hibernate.mapping.RootClass.validate(RootClass.java:270) ~[hibernate-core-4.2.1.Final.jar:4.2.1.Final]
	at org.hibernate.cfg.Configuration.validate(Configuration.java:1296) ~[hibernate-core-4.2.1.Final.jar:4.2.1.Final]
	at org.hibernate.cfg.Configuration.buildSessionFactory(Configuration.java:1752) ~[hibernate-core-4.2.1.Final.jar:4.2.1.Final]
	at org.hibernate.ejb.EntityManagerFactoryImpl.&lt;init&gt;(EntityManagerFactoryImpl.java:96) ~[hibernate-entitymanager-4.2.1.Final.jar:4.2.1.Final]
	at org.hibernate.ejb.Ejb3Configuration.buildEntityManagerFactory(Ejb3Configuration.java:913) ~[hibernate-entitymanager-4.2.1.Final.jar:4.2.1.Final]
	... 52 common frames omitted
12:57:00.565 [main] DEBUG o.s.b.f.s.DefaultListableBeanFactory - Destroying singletons in org.springframework.beans.factory.support.DefaultListableBeanFactory@4349754: defining beans [mvcContentNegotiationManager,org.springframework.web.servlet.mvc.method.annotation.RequestMappingHandlerMapping#0,org.springframework.format.support.FormattingConversionServiceFactoryBean#0,org.springframework.web.servlet.mvc.method.annotation.RequestMappingHandlerAdapter#0,mvcUriComponentsContributor,org.springframework.web.servlet.handler.MappedInterceptor#0,org.springframework.web.servlet.mvc.method.annotation.ExceptionHandlerExceptionResolver#0,org.springframework.web.servlet.mvc.annotation.ResponseStatusExceptionResolver#0,org.springframework.web.servlet.mvc.support.DefaultHandlerExceptionResolver#0,org.springframework.web.servlet.handler.BeanNameUrlHandlerMapping,org.springframework.web.servlet.mvc.HttpRequestHandlerAdapter,org.springframework.web.servlet.mvc.SimpleControllerHandlerAdapter,homeController,clientDetailsServiceImpl,wellServiceImpl,userService,userController,org.springframework.context.annotation.internalConfigurationAnnotationProcessor,org.springframework.context.annotation.internalAutowiredAnnotationProcessor,org.springframework.context.annotation.internalRequiredAnnotationProcessor,org.springframework.context.annotation.internalCommonAnnotationProcessor,org.springframework.context.annotation.internalPersistenceAnnotationProcessor,org.springframework.web.servlet.mvc.method.annotation.RequestMappingHandlerMapping#1,org.springframework.format.support.FormattingConversionServiceFactoryBean#1,org.springframework.web.servlet.mvc.method.annotation.RequestMappingHandlerAdapter#1,org.springframework.web.servlet.handler.MappedInterceptor#1,org.springframework.web.servlet.mvc.method.annotation.ExceptionHandlerExceptionResolver#1,org.springframework.web.servlet.mvc.annotation.ResponseStatusExceptionResolver#1,org.springframework.web.servlet.mvc.support.DefaultHandlerExceptionResolver#1,org.springframework.web.servlet.resource.DefaultServletHttpRequestHandler#0,org.springframework.web.servlet.handler.SimpleUrlHandlerMapping#0,org.springframework.beans.factory.config.PropertyPlaceholderConfigurer#0,MySQLdataSource,clientDetails,passwordEncoder,clientDetailsUserService,org.springframework.security.authentication.dao.DaoAuthenticationProvider#0,org.springframework.security.authentication.DefaultAuthenticationEventPublisher#0,org.springframework.security.authenticationManager,tokenStore,tokenServices,oAuth2RequestFactory,userApprovalHandler,inMemoryImplicitGrantService,defaultOAuth2RequestValidator,oAuth2AuthorizationRequestManager,oauth2TokenGranter,oauth2AuthorizationCodeServices,oauth2ApprovalEndpoint,oauth2AuthorizationEndpoint,oauth2TokenEndpoint,oauth2HandlerMapping,resourceServerFilter,accessDecisionManager,clientAuthenticationEntryPoint,oauthAuthenticationEntryPoint,oauthAccessDeniedHandler,clientCredentialsTokenEndpointFilter,oAuth2ClientContextFilter,org.springframework.security.filterChains,org.springframework.security.filterChainProxy,org.springframework.security.web.PortMapperImpl#0,org.springframework.security.web.PortResolverImpl#0,org.springframework.security.authentication.ProviderManager#0,org.springframework.security.web.context.NullSecurityContextRepository#0,org.springframework.security.web.savedrequest.NullRequestCache#0,org.springframework.security.access.vote.AffirmativeBased#0,org.springframework.security.web.access.intercept.FilterSecurityInterceptor#0,org.springframework.security.web.access.DefaultWebInvocationPrivilegeEvaluator#0,org.springframework.security.authentication.AnonymousAuthenticationProvider#0,org.springframework.security.userDetailsServiceFactory,org.springframework.security.web.DefaultSecurityFilterChain#0,org.springframework.security.web.PortMapperImpl#1,org.springframework.security.web.PortResolverImpl#1,org.springframework.security.authentication.ProviderManager#1,org.springframework.security.web.context.HttpSessionSecurityContextRepository#0,org.springframework.security.web.authentication.session.CompositeSessionAuthenticationStrategy#0,org.springframework.security.web.savedrequest.HttpSessionRequestCache#0,org.springframework.security.access.vote.AffirmativeBased#1,org.springframework.security.web.access.intercept.FilterSecurityInterceptor#1,org.springframework.security.web.access.DefaultWebInvocationPrivilegeEvaluator#1,org.springframework.security.web.DefaultSecurityFilterChain#1,controllerAspect,org.springframework.aop.config.internalAutoProxyCreator,org.springframework.data.jpa.repository.config.JpaRepositoryConfigExtension#0,org.springframework.data.repository.core.support.RepositoryInterfaceAwareBeanPostProcessor,foo,jpaMappingContext,clientDetailsRepository,wellIndexRepository,productRepository,transactionManager,entityManagerFactory,org.springframework.context.support.PropertySourcesPlaceholderConfigurer#0,org.springframework.data.mongodb.repository.config.MongoRepositoryConfigurationExtension#0,mongoMappingContext,userRepository,mongo,org.springframework.beans.factory.config.CustomEditorConfigurer#0,org.springframework.beans.factory.config.CustomEditorConfigurer#1,mongoTemplate,initMongoService,org.springframework.data.mongodb.core.MongoExceptionTranslator#0,org.springframework.data.mongodb.crossstore.MongoDocumentBacking#0,mongoChangeSetPersister,org.springframework.context.annotation.ConfigurationClassPostProcessor.importAwareProcessor,org.springframework.context.annotation.ConfigurationClassPostProcessor.enhancedConfigurationProcessor,org.springframework.orm.jpa.SharedEntityManagerCreator#0]; root of factory hierarchy
12:57:00.565 [main] ERROR o.s.test.context.TestContextManager - Caught exception while allowing TestExecutionListener [org.springframework.test.context.support.DependencyInjectionTestExecutionListener@5a4c638d] to prepare test instance [com.hcc.riab.tests.UserControllerTest@389562d6]
java.lang.IllegalStateException: Failed to load ApplicationContext
	at org.springframework.test.context.DefaultCacheAwareContextLoaderDelegate.loadContext(DefaultCacheAwareContextLoaderDelegate.java:94) ~[spring-test-4.1.7.RELEASE.jar:4.1.7.RELEASE]
	at org.springframework.test.context.DefaultTestContext.getApplicationContext(DefaultTestContext.java:72) ~[spring-test-4.1.7.RELEASE.jar:4.1.7.RELEASE]
	at org.springframework.test.context.support.DependencyInjectionTestExecutionListener.injectDependencies(DependencyInjectionTestExecutionListener.java:117) ~[spring-test-4.1.7.RELEASE.jar:4.1.7.RELEASE]
	at org.springframework.test.context.support.DependencyInjectionTestExecutionListener.prepareTestInstance(DependencyInjectionTestExecutionListener.java:83) ~[spring-test-4.1.7.RELEASE.jar:4.1.7.RELEASE]
	at org.springframework.test.context.TestContextManager.prepareTestInstance(TestContextManager.java:212) ~[spring-test-4.1.7.RELEASE.jar:4.1.7.RELEASE]
	at org.springframework.test.context.junit4.SpringJUnit4ClassRunner.createTest(SpringJUnit4ClassRunner.java:200) [spring-test-4.1.7.RELEASE.jar:4.1.7.RELEASE]
	at org.springframework.test.context.junit4.SpringJUnit4ClassRunner$1.runReflectiveCall(SpringJUnit4ClassRunner.java:259) [spring-test-4.1.7.RELEASE.jar:4.1.7.RELEASE]
	at org.junit.internal.runners.model.ReflectiveCallable.run(ReflectiveCallable.java:12) [junit-4.11.jar:na]
	at org.springframework.test.context.junit4.SpringJUnit4ClassRunner.methodBlock(SpringJUnit4ClassRunner.java:261) [spring-test-4.1.7.RELEASE.jar:4.1.7.RELEASE]
	at org.springframework.test.context.junit4.SpringJUnit4ClassRunner.runChild(SpringJUnit4ClassRunner.java:219) [spring-test-4.1.7.RELEASE.jar:4.1.7.RELEASE]
	at org.springframework.test.context.junit4.SpringJUnit4ClassRunner.runChild(SpringJUnit4ClassRunner.java:83) [spring-test-4.1.7.RELEASE.jar:4.1.7.RELEASE]
	at org.junit.runners.ParentRunner$3.run(ParentRunner.java:238) [junit-4.11.jar:na]
	at org.junit.runners.ParentRunner$1.schedule(ParentRunner.java:63) [junit-4.11.jar:na]
	at org.junit.runners.ParentRunner.runChildren(ParentRunner.java:236) [junit-4.11.jar:na]
	at org.junit.runners.ParentRunner.access$000(ParentRunner.java:53) [junit-4.11.jar:na]
	at org.junit.runners.ParentRunner$2.evaluate(ParentRunner.java:229) [junit-4.11.jar:na]
	at org.springframework.test.context.junit4.statements.RunBeforeTestClassCallbacks.evaluate(RunBeforeTestClassCallbacks.java:61) [spring-test-4.1.7.RELEASE.jar:4.1.7.RELEASE]
	at org.springframework.test.context.junit4.statements.RunAfterTestClassCallbacks.evaluate(RunAfterTestClassCallbacks.java:68) [spring-test-4.1.7.RELEASE.jar:4.1.7.RELEASE]
	at org.junit.runners.ParentRunner.run(ParentRunner.java:309) [junit-4.11.jar:na]
	at org.springframework.test.context.junit4.SpringJUnit4ClassRunner.run(SpringJUnit4ClassRunner.java:163) [spring-test-4.1.7.RELEASE.jar:4.1.7.RELEASE]
	at org.apache.maven.surefire.junit4.JUnit4Provider.execute(JUnit4Provider.java:252) [surefire-junit4-2.12.4.jar:2.12.4]
	at org.apache.maven.surefire.junit4.JUnit4Provider.executeTestSet(JUnit4Provider.java:141) [surefire-junit4-2.12.4.jar:2.12.4]
	at org.apache.maven.surefire.junit4.JUnit4Provider.invoke(JUnit4Provider.java:112) [surefire-junit4-2.12.4.jar:2.12.4]
	at sun.reflect.NativeMethodAccessorImpl.invoke0(Native Method) ~[na:1.8.0_25]
	at sun.reflect.NativeMethodAccessorImpl.invoke(NativeMethodAccessorImpl.java:62) ~[na:1.8.0_25]
	at sun.reflect.DelegatingMethodAccessorImpl.invoke(DelegatingMethodAccessorImpl.java:43) ~[na:1.8.0_25]
	at java.lang.reflect.Method.invoke(Method.java:483) ~[na:1.8.0_25]
	at org.apache.maven.surefire.util.ReflectionUtils.invokeMethodWithArray(ReflectionUtils.java:189) [surefire-api-2.12.4.jar:2.12.4]
	at org.apache.maven.surefire.booter.ProviderFactory$ProviderProxy.invoke(ProviderFactory.java:165) [surefire-booter-2.12.4.jar:2.12.4]
	at org.apache.maven.surefire.booter.ProviderFactory.invokeProvider(ProviderFactory.java:85) [surefire-booter-2.12.4.jar:2.12.4]
	at org.apache.maven.surefire.booter.ForkedBooter.runSuitesInProcess(ForkedBooter.java:115) [surefire-booter-2.12.4.jar:2.12.4]
	at org.apache.maven.surefire.booter.ForkedBooter.main(ForkedBooter.java:75) [surefire-booter-2.12.4.jar:2.12.4]
Caused by: org.springframework.beans.factory.BeanCreationException: Error creating bean with name &apos;entityManagerFactory&apos; defined in URL [file:src/main/resources/applicationContext.xml]: Invocation of init method failed; nested exception is javax.persistence.PersistenceException: [PersistenceUnit: default] Unable to build EntityManagerFactory
	at org.springframework.beans.factory.support.AbstractAutowireCapableBeanFactory.initializeBean(AbstractAutowireCapableBeanFactory.java:1574) ~[spring-beans-4.1.7.RELEASE.jar:4.1.7.RELEASE]
	at org.springframework.beans.factory.support.AbstractAutowireCapableBeanFactory.doCreateBean(AbstractAutowireCapableBeanFactory.java:539) ~[spring-beans-4.1.7.RELEASE.jar:4.1.7.RELEASE]
	at org.springframework.beans.factory.support.AbstractAutowireCapableBeanFactory.createBean(AbstractAutowireCapableBeanFactory.java:476) ~[spring-beans-4.1.7.RELEASE.jar:4.1.7.RELEASE]
	at org.springframework.beans.factory.support.AbstractBeanFactory$1.getObject(AbstractBeanFactory.java:303) ~[spring-beans-4.1.7.RELEASE.jar:4.1.7.RELEASE]
	at org.springframework.beans.factory.support.DefaultSingletonBeanRegistry.getSingleton(DefaultSingletonBeanRegistry.java:230) ~[spring-beans-4.1.7.RELEASE.jar:4.1.7.RELEASE]
	at org.springframework.beans.factory.support.AbstractBeanFactory.doGetBean(AbstractBeanFactory.java:299) ~[spring-beans-4.1.7.RELEASE.jar:4.1.7.RELEASE]
	at org.springframework.beans.factory.support.AbstractBeanFactory.getBean(AbstractBeanFactory.java:194) ~[spring-beans-4.1.7.RELEASE.jar:4.1.7.RELEASE]
	at org.springframework.context.support.AbstractApplicationContext.getBean(AbstractApplicationContext.java:956) ~[spring-context-4.1.7.RELEASE.jar:4.1.7.RELEASE]
	at org.springframework.context.support.AbstractApplicationContext.finishBeanFactoryInitialization(AbstractApplicationContext.java:747) ~[spring-context-4.1.7.RELEASE.jar:4.1.7.RELEASE]
	at org.springframework.context.support.AbstractApplicationContext.refresh(AbstractApplicationContext.java:480) ~[spring-context-4.1.7.RELEASE.jar:4.1.7.RELEASE]
	at org.springframework.test.context.support.AbstractGenericContextLoader.loadContext(AbstractGenericContextLoader.java:125) ~[spring-test-4.1.7.RELEASE.jar:4.1.7.RELEASE]
	at org.springframework.test.context.support.AbstractGenericContextLoader.loadContext(AbstractGenericContextLoader.java:60) ~[spring-test-4.1.7.RELEASE.jar:4.1.7.RELEASE]
	at org.springframework.test.context.support.AbstractDelegatingSmartContextLoader.delegateLoading(AbstractDelegatingSmartContextLoader.java:109) ~[spring-test-4.1.7.RELEASE.jar:4.1.7.RELEASE]
	at org.springframework.test.context.support.AbstractDelegatingSmartContextLoader.loadContext(AbstractDelegatingSmartContextLoader.java:261) ~[spring-test-4.1.7.RELEASE.jar:4.1.7.RELEASE]
	at org.springframework.test.context.DefaultCacheAwareContextLoaderDelegate.loadContextInternal(DefaultCacheAwareContextLoaderDelegate.java:68) ~[spring-test-4.1.7.RELEASE.jar:4.1.7.RELEASE]
	at org.springframework.test.context.DefaultCacheAwareContextLoaderDelegate.loadContext(DefaultCacheAwareContextLoaderDelegate.java:86) ~[spring-test-4.1.7.RELEASE.jar:4.1.7.RELEASE]
	... 31 common frames omitted
Caused by: javax.persistence.PersistenceException: [PersistenceUnit: default] Unable to build EntityManagerFactory
	at org.hibernate.ejb.Ejb3Configuration.buildEntityManagerFactory(Ejb3Configuration.java:923) ~[hibernate-entitymanager-4.2.1.Final.jar:4.2.1.Final]
	at org.hibernate.ejb.Ejb3Configuration.buildEntityManagerFactory(Ejb3Configuration.java:898) ~[hibernate-entitymanager-4.2.1.Final.jar:4.2.1.Final]
	at org.springframework.orm.jpa.vendor.SpringHibernateEjbPersistenceProvider.createContainerEntityManagerFactory(SpringHibernateEjbPersistenceProvider.java:51) ~[spring-orm-4.1.7.RELEASE.jar:4.1.7.RELEASE]
	at org.springframework.orm.jpa.LocalContainerEntityManagerFactoryBean.createNativeEntityManagerFactory(LocalContainerEntityManagerFactoryBean.java:343) ~[spring-orm-4.1.7.RELEASE.jar:4.1.7.RELEASE]
	at org.springframework.orm.jpa.AbstractEntityManagerFactoryBean.afterPropertiesSet(AbstractEntityManagerFactoryBean.java:318) ~[spring-orm-4.1.7.RELEASE.jar:4.1.7.RELEASE]
	at org.springframework.beans.factory.support.AbstractAutowireCapableBeanFactory.invokeInitMethods(AbstractAutowireCapableBeanFactory.java:1633) ~[spring-beans-4.1.7.RELEASE.jar:4.1.7.RELEASE]
	at org.springframework.beans.factory.support.AbstractAutowireCapableBeanFactory.initializeBean(AbstractAutowireCapableBeanFactory.java:1570) ~[spring-beans-4.1.7.RELEASE.jar:4.1.7.RELEASE]
	... 46 common frames omitted
Caused by: org.hibernate.MappingException: Could not determine type for: com.hcc.riab.model.ProductInfo, at table: Product, for columns: [org.hibernate.mapping.Column(productInfo)]
	at org.hibernate.mapping.SimpleValue.getType(SimpleValue.java:314) ~[hibernate-core-4.2.1.Final.jar:4.2.1.Final]
	at org.hibernate.mapping.SimpleValue.isValid(SimpleValue.java:292) ~[hibernate-core-4.2.1.Final.jar:4.2.1.Final]
	at org.hibernate.mapping.Property.isValid(Property.java:239) ~[hibernate-core-4.2.1.Final.jar:4.2.1.Final]
	at org.hibernate.mapping.PersistentClass.validate(PersistentClass.java:469) ~[hibernate-core-4.2.1.Final.jar:4.2.1.Final]
	at org.hibernate.mapping.RootClass.validate(RootClass.java:270) ~[hibernate-core-4.2.1.Final.jar:4.2.1.Final]
	at org.hibernate.cfg.Configuration.validate(Configuration.java:1296) ~[hibernate-core-4.2.1.Final.jar:4.2.1.Final]
	at org.hibernate.cfg.Configuration.buildSessionFactory(Configuration.java:1752) ~[hibernate-core-4.2.1.Final.jar:4.2.1.Final]
	at org.hibernate.ejb.EntityManagerFactoryImpl.&lt;init&gt;(EntityManagerFactoryImpl.java:96) ~[hibernate-entitymanager-4.2.1.Final.jar:4.2.1.Final]
	at org.hibernate.ejb.Ejb3Configuration.buildEntityManagerFactory(Ejb3Configuration.java:913) ~[hibernate-entitymanager-4.2.1.Final.jar:4.2.1.Final]
	... 52 common frames omitted
</system-out>
  </testcase>
</testsuite>